<?xml version="1.0" encoding="UTF-8"?>
<testsuite name="com.atguigu.gmall.gmallusermanage.GmallUserManageApplicationTests" time="0.006" tests="1" errors="1" skipped="0" failures="0">
  <properties>
[...]
</properties>
  <testcase name="initializationError" classname="com.atguigu.gmall.gmallusermanage.GmallUserManageApplicationTests" time="0.006">
    <error message="Unable to find a @SpringBootConfiguration, you need to use @ContextConfiguration or @SpringBootTest(classes=...) with your test" type="java.lang.IllegalStateException"><![CDATA[java.lang.IllegalStateException: Unable to find a @SpringBootConfiguration, you need to use @ContextConfiguration or @SpringBootTest(classes=...) with your test
	at org.springframework.util.Assert.state(Assert.java:70)
	at org.springframework.boot.test.context.SpringBootTestContextBootstrapper.getOrFindConfigurationClasses(SpringBootTestContextBootstrapper.java:202)
	at org.springframework.boot.test.context.SpringBootTestContextBootstrapper.processMergedContextConfiguration(SpringBootTestContextBootstrapper.java:137)
	at org.springframework.test.context.support.AbstractTestContextBootstrapper.buildMergedContextConfiguration(AbstractTestContextBootstrapper.java:397)
	at org.springframework.test.context.support.AbstractTestContextBootstrapper.buildDefaultMergedContextConfiguration(AbstractTestContextBootstrapper.java:311)
	at org.springframework.test.context.support.AbstractTestContextBootstrapper.buildMergedContextConfiguration(AbstractTestContextBootstrapper.java:265)
	at org.springframework.test.context.support.AbstractTestContextBootstrapper.buildTestContext(AbstractTestContextBootstrapper.java:105)
	at org.springframework.boot.test.context.SpringBootTestContextBootstrapper.buildTestContext(SpringBootTestContextBootstrapper.java:82)
	at org.springframework.test.context.TestContextManager.<init>(TestContextManager.java:120)
	at org.springframework.test.context.TestContextManager.<init>(TestContextManager.java:105)
	at org.springframework.test.context.junit4.SpringJUnit4ClassRunner.createTestContextManager(SpringJUnit4ClassRunner.java:152)
	at org.springframework.test.context.junit4.SpringJUnit4ClassRunner.<init>(SpringJUnit4ClassRunner.java:143)
	at org.springframework.test.context.junit4.SpringRunner.<init>(SpringRunner.java:49)
	at sun.reflect.NativeConstructorAccessorImpl.newInstance0(Native Method)
	at sun.reflect.NativeConstructorAccessorImpl.newInstance(NativeConstructorAccessorImpl.java:62)
	at sun.reflect.DelegatingConstructorAccessorImpl.newInstance(DelegatingConstructorAccessorImpl.java:45)
	at java.lang.reflect.Constructor.newInstance(Constructor.java:423)
	at org.junit.internal.builders.AnnotatedBuilder.buildRunner(AnnotatedBuilder.java:104)
	at org.junit.internal.builders.AnnotatedBuilder.runnerForClass(AnnotatedBuilder.java:86)
	at org.junit.runners.model.RunnerBuilder.safeRunnerForClass(RunnerBuilder.java:59)
	at org.junit.internal.builders.AllDefaultPossibilitiesBuilder.runnerForClass(AllDefaultPossibilitiesBuilder.java:26)
	at org.junit.runners.model.RunnerBuilder.safeRunnerForClass(RunnerBuilder.java:59)
	at org.junit.internal.requests.ClassRequest.getRunner(ClassRequest.java:33)
	at org.apache.maven.surefire.junit4.JUnit4Provider.execute(JUnit4Provider.java:283)
	at org.apache.maven.surefire.junit4.JUnit4Provider.executeWithRerun(JUnit4Provider.java:173)
	at org.apache.maven.surefire.junit4.JUnit4Provider.executeTestSet(JUnit4Provider.java:153)
	at org.apache.maven.surefire.junit4.JUnit4Provider.invoke(JUnit4Provider.java:128)
	at org.apache.maven.surefire.booter.ForkedBooter.invokeProviderInSameClassLoader(ForkedBooter.java:203)
	at org.apache.maven.surefire.booter.ForkedBooter.runSuitesInProcess(ForkedBooter.java:155)
	at org.apache.maven.surefire.booter.ForkedBooter.main(ForkedBooter.java:103)
]]></error>
    <system-out><![CDATA[10:18:16.275 [main] DEBUG org.springframework.test.context.junit4.SpringJUnit4ClassRunner - SpringJUnit4ClassRunner constructor called with [class com.atguigu.gmall.gmallusermanage.GmallUserManageApplicationTests]
10:18:16.280 [main] DEBUG org.springframework.test.context.BootstrapUtils - Instantiating CacheAwareContextLoaderDelegate from class [org.springframework.test.context.cache.DefaultCacheAwareContextLoaderDelegate]
10:18:16.286 [main] DEBUG org.springframework.test.context.BootstrapUtils - Instantiating BootstrapContext using constructor [public org.springframework.test.context.support.DefaultBootstrapContext(java.lang.Class,org.springframework.test.context.CacheAwareContextLoaderDelegate)]
10:18:16.299 [main] DEBUG org.springframework.test.context.BootstrapUtils - Instantiating TestContextBootstrapper for test class [com.atguigu.gmall.gmallusermanage.GmallUserManageApplicationTests] from class [org.springframework.boot.test.context.SpringBootTestContextBootstrapper]
10:18:16.309 [main] INFO org.springframework.boot.test.context.SpringBootTestContextBootstrapper - Neither @ContextConfiguration nor @ContextHierarchy found for test class [com.atguigu.gmall.gmallusermanage.GmallUserManageApplicationTests], using SpringBootContextLoader
10:18:16.312 [main] DEBUG org.springframework.test.context.support.AbstractContextLoader - Did not detect default resource location for test class [com.atguigu.gmall.gmallusermanage.GmallUserManageApplicationTests]: class path resource [com/atguigu/gmall/gmallusermanage/GmallUserManageApplicationTests-context.xml] does not exist
10:18:16.312 [main] DEBUG org.springframework.test.context.support.AbstractContextLoader - Did not detect default resource location for test class [com.atguigu.gmall.gmallusermanage.GmallUserManageApplicationTests]: class path resource [com/atguigu/gmall/gmallusermanage/GmallUserManageApplicationTestsContext.groovy] does not exist
10:18:16.312 [main] INFO org.springframework.test.context.support.AbstractContextLoader - Could not detect default resource locations for test class [com.atguigu.gmall.gmallusermanage.GmallUserManageApplicationTests]: no resource found for suffixes {-context.xml, Context.groovy}.
10:18:16.313 [main] INFO org.springframework.test.context.support.AnnotationConfigContextLoaderUtils - Could not detect default configuration classes for test class [com.atguigu.gmall.gmallusermanage.GmallUserManageApplicationTests]: GmallUserManageApplicationTests does not declare any static, non-private, non-final, nested classes annotated with @Configuration.
10:18:16.342 [main] DEBUG org.springframework.test.context.support.ActiveProfilesUtils - Could not find an 'annotation declaring class' for annotation type [org.springframework.test.context.ActiveProfiles] and class [com.atguigu.gmall.gmallusermanage.GmallUserManageApplicationTests]
10:18:16.349 [main] DEBUG org.springframework.core.env.StandardEnvironment - Adding PropertySource 'systemProperties' with lowest search precedence
10:18:16.349 [main] DEBUG org.springframework.core.env.StandardEnvironment - Adding PropertySource 'systemEnvironment' with lowest search precedence
10:18:16.350 [main] DEBUG org.springframework.core.env.StandardEnvironment - Initialized StandardEnvironment with PropertySources [MapPropertySource@815992954 {name='systemProperties', properties={java.runtime.name=Java(TM) SE Runtime Environment, sun.boot.library.path=/Library/Java/JavaVirtualMachines/jdk1.8.0_231.jdk/Contents/Home/jre/lib, java.vm.version=25.231-b11, gopherProxySet=false, java.vm.vendor=Oracle Corporation, java.vendor.url=http://java.oracle.com/, path.separator=:, java.vm.name=Java HotSpot(TM) 64-Bit Server VM, file.encoding.pkg=sun.io, user.country=CN, sun.java.launcher=SUN_STANDARD, sun.os.patch.level=unknown, java.vm.specification.name=Java Virtual Machine Specification, user.dir=/Users/liuyi/IdeaProjects/gmall-shopping/gmall-parent/gmall-user-manage, java.runtime.version=1.8.0_231-b11, basedir=/Users/liuyi/IdeaProjects/gmall-shopping/gmall-parent/gmall-user-manage, java.awt.graphicsenv=sun.awt.CGraphicsEnvironment, java.endorsed.dirs=/Library/Java/JavaVirtualMachines/jdk1.8.0_231.jdk/Contents/Home/jre/lib/endorsed, os.arch=x86_64, surefire.real.class.path=/Users/liuyi/IdeaProjects/gmall-shopping/gmall-parent/gmall-user-manage/target/surefire/surefirebooter5173833017675434096.jar, java.io.tmpdir=/var/folders/cg/dknqc0_s32x017dq27ksz6nw0000gn/T/, line.separator=
, java.vm.specification.vendor=Oracle Corporation, os.name=Mac OS X, sun.jnu.encoding=UTF-8, java.library.path=/Users/liuyi/Library/Java/Extensions:/Library/Java/Extensions:/Network/Library/Java/Extensions:/System/Library/Java/Extensions:/usr/lib/java:., surefire.test.class.path=/Users/liuyi/IdeaProjects/gmall-shopping/gmall-parent/gmall-user-manage/target/test-classes:/Users/liuyi/IdeaProjects/gmall-shopping/gmall-parent/gmall-user-manage/target/classes:/Users/liuyi/IdeaProjects/gmall-shopping/gmall-parent/gmall-service-util/target/gmall-service-util-1.0-SNAPSHOT.jar:/Users/liuyi/IdeaProjects/gmall-shopping/gmall-parent/gmall-common-util/target/gmall-common-util-1.0-SNAPSHOT.jar:/Users/liuyi/Documents/tools/mavenrepository/org/slf4j/slf4j-api/1.7.26/slf4j-api-1.7.26.jar:/Users/liuyi/Documents/tools/mavenrepository/org/slf4j/log4j-over-slf4j/1.7.26/log4j-over-slf4j-1.7.26.jar:/Users/liuyi/Documents/tools/mavenrepository/com/alibaba/dubbo/2.6.0/dubbo-2.6.0.jar:/Users/liuyi/Documents/tools/mavenrepository/org/javassist/javassist/3.21.0-GA/javassist-3.21.0-GA.jar:/Users/liuyi/Documents/tools/mavenrepository/org/jboss/netty/netty/3.2.5.Final/netty-3.2.5.Final.jar:/Users/liuyi/Documents/tools/mavenrepository/com/101tec/zkclient/0.10/zkclient-0.10.jar:/Users/liuyi/Documents/tools/mavenrepository/org/apache/zookeeper/zookeeper/3.4.8/zookeeper-3.4.8.jar:/Users/liuyi/Documents/tools/mavenrepository/log4j/log4j/1.2.16/log4j-1.2.16.jar:/Users/liuyi/Documents/tools/mavenrepository/jline/jline/0.9.94/jline-0.9.94.jar:/Users/liuyi/Documents/tools/mavenrepository/io/netty/netty/3.7.0.Final/netty-3.7.0.Final.jar:/Users/liuyi/Documents/tools/mavenrepository/com/gitee/reger/spring-boot-starter-dubbo/1.0.7/spring-boot-starter-dubbo-1.0.7.jar:/Users/liuyi/Documents/tools/mavenrepository/org/springframework/boot/spring-boot-starter-validation/1.5.21.RELEASE/spring-boot-starter-validation-1.5.21.RELEASE.jar:/Users/liuyi/Documents/tools/mavenrepository/org/apache/httpcomponents/httpclient/4.5.5/httpclient-4.5.5.jar:/Users/liuyi/Documents/tools/mavenrepository/org/apache/httpcomponents/httpcore/4.4.11/httpcore-4.4.11.jar:/Users/liuyi/Documents/tools/mavenrepository/commons-logging/commons-logging/1.2/commons-logging-1.2.jar:/Users/liuyi/Documents/tools/mavenrepository/org/apache/commons/commons-lang3/3.7/commons-lang3-3.7.jar:/Users/liuyi/Documents/tools/mavenrepository/commons-beanutils/commons-beanutils/1.9.3/commons-beanutils-1.9.3.jar:/Users/liuyi/Documents/tools/mavenrepository/commons-collections/commons-collections/3.2.2/commons-collections-3.2.2.jar:/Users/liuyi/Documents/tools/mavenrepository/commons-codec/commons-codec/1.10/commons-codec-1.10.jar:/Users/liuyi/Documents/tools/mavenrepository/com/alibaba/fastjson/1.2.46/fastjson-1.2.46.jar:/Users/liuyi/Documents/tools/mavenrepository/org/springframework/boot/spring-boot-starter-jdbc/1.5.21.RELEASE/spring-boot-starter-jdbc-1.5.21.RELEASE.jar:/Users/liuyi/Documents/tools/mavenrepository/org/apache/tomcat/tomcat-jdbc/8.5.40/tomcat-jdbc-8.5.40.jar:/Users/liuyi/Documents/tools/mavenrepository/org/apache/tomcat/tomcat-juli/8.5.40/tomcat-juli-8.5.40.jar:/Users/liuyi/Documents/tools/mavenrepository/org/springframework/spring-jdbc/4.3.24.RELEASE/spring-jdbc-4.3.24.RELEASE.jar:/Users/liuyi/Documents/tools/mavenrepository/org/springframework/spring-tx/4.3.24.RELEASE/spring-tx-4.3.24.RELEASE.jar:/Users/liuyi/Documents/tools/mavenrepository/org/mybatis/spring/boot/mybatis-spring-boot-starter/1.3.1/mybatis-spring-boot-starter-1.3.1.jar:/Users/liuyi/Documents/tools/mavenrepository/org/mybatis/spring/boot/mybatis-spring-boot-autoconfigure/1.3.1/mybatis-spring-boot-autoconfigure-1.3.1.jar:/Users/liuyi/Documents/tools/mavenrepository/org/mybatis/mybatis/3.4.5/mybatis-3.4.5.jar:/Users/liuyi/Documents/tools/mavenrepository/org/mybatis/mybatis-spring/1.3.1/mybatis-spring-1.3.1.jar:/Users/liuyi/Documents/tools/mavenrepository/mysql/mysql-connector-java/5.1.47/mysql-connector-java-5.1.47.jar:/Users/liuyi/Documents/tools/mavenrepository/redis/clients/jedis/2.9.0/jedis-2.9.0.jar:/Users/liuyi/Documents/tools/mavenrepository/org/apache/commons/commons-pool2/2.4.3/commons-pool2-2.4.3.jar:/Users/liuyi/IdeaProjects/gmall-shopping/gmall-parent/gmall-interface/target/gmall-interface-1.0-SNAPSHOT.jar:/Users/liuyi/IdeaProjects/gmall-shopping/gmall-parent/gmall-bean/target/gmall-bean-1.0-SNAPSHOT.jar:/Users/liuyi/Documents/tools/mavenrepository/tk/mybatis/mapper-spring-boot-starter/1.2.3/mapper-spring-boot-starter-1.2.3.jar:/Users/liuyi/Documents/tools/mavenrepository/tk/mybatis/mapper-spring-boot-autoconfigure/1.2.3/mapper-spring-boot-autoconfigure-1.2.3.jar:/Users/liuyi/Documents/tools/mavenrepository/tk/mybatis/mapper/3.5.2/mapper-3.5.2.jar:/Users/liuyi/Documents/tools/mavenrepository/javax/persistence/persistence-api/1.0/persistence-api-1.0.jar:/Users/liuyi/Documents/tools/mavenrepository/org/projectlombok/lombok/1.16.22/lombok-1.16.22.jar:/Users/liuyi/Documents/tools/mavenrepository/org/springframework/boot/spring-boot-starter-web/1.5.21.RELEASE/spring-boot-starter-web-1.5.21.RELEASE.jar:/Users/liuyi/Documents/tools/mavenrepository/org/springframework/boot/spring-boot-starter/1.5.21.RELEASE/spring-boot-starter-1.5.21.RELEASE.jar:/Users/liuyi/Documents/tools/mavenrepository/org/springframework/boot/spring-boot/1.5.21.RELEASE/spring-boot-1.5.21.RELEASE.jar:/Users/liuyi/Documents/tools/mavenrepository/org/springframework/boot/spring-boot-autoconfigure/1.5.21.RELEASE/spring-boot-autoconfigure-1.5.21.RELEASE.jar:/Users/liuyi/Documents/tools/mavenrepository/org/springframework/boot/spring-boot-starter-logging/1.5.21.RELEASE/spring-boot-starter-logging-1.5.21.RELEASE.jar:/Users/liuyi/Documents/tools/mavenrepository/ch/qos/logback/logback-classic/1.1.11/logback-classic-1.1.11.jar:/Users/liuyi/Documents/tools/mavenrepository/ch/qos/logback/logback-core/1.1.11/logback-core-1.1.11.jar:/Users/liuyi/Documents/tools/mavenrepository/org/slf4j/jcl-over-slf4j/1.7.26/jcl-over-slf4j-1.7.26.jar:/Users/liuyi/Documents/tools/mavenrepository/org/slf4j/jul-to-slf4j/1.7.26/jul-to-slf4j-1.7.26.jar:/Users/liuyi/Documents/tools/mavenrepository/org/yaml/snakeyaml/1.17/snakeyaml-1.17.jar:/Users/liuyi/Documents/tools/mavenrepository/org/springframework/boot/spring-boot-starter-tomcat/1.5.21.RELEASE/spring-boot-starter-tomcat-1.5.21.RELEASE.jar:/Users/liuyi/Documents/tools/mavenrepository/org/apache/tomcat/embed/tomcat-embed-core/8.5.40/tomcat-embed-core-8.5.40.jar:/Users/liuyi/Documents/tools/mavenrepository/org/apache/tomcat/tomcat-annotations-api/8.5.40/tomcat-annotations-api-8.5.40.jar:/Users/liuyi/Documents/tools/mavenrepository/org/apache/tomcat/embed/tomcat-embed-el/8.5.40/tomcat-embed-el-8.5.40.jar:/Users/liuyi/Documents/tools/mavenrepository/org/apache/tomcat/embed/tomcat-embed-websocket/8.5.40/tomcat-embed-websocket-8.5.40.jar:/Users/liuyi/Documents/tools/mavenrepository/org/hibernate/hibernate-validator/5.3.6.Final/hibernate-validator-5.3.6.Final.jar:/Users/liuyi/Documents/tools/mavenrepository/javax/validation/validation-api/1.1.0.Final/validation-api-1.1.0.Final.jar:/Users/liuyi/Documents/tools/mavenrepository/org/jboss/logging/jboss-logging/3.3.2.Final/jboss-logging-3.3.2.Final.jar:/Users/liuyi/Documents/tools/mavenrepository/com/fasterxml/classmate/1.3.4/classmate-1.3.4.jar:/Users/liuyi/Documents/tools/mavenrepository/com/fasterxml/jackson/core/jackson-databind/2.8.11.3/jackson-databind-2.8.11.3.jar:/Users/liuyi/Documents/tools/mavenrepository/com/fasterxml/jackson/core/jackson-annotations/2.8.0/jackson-annotations-2.8.0.jar:/Users/liuyi/Documents/tools/mavenrepository/com/fasterxml/jackson/core/jackson-core/2.8.11/jackson-core-2.8.11.jar:/Users/liuyi/Documents/tools/mavenrepository/org/springframework/spring-web/4.3.24.RELEASE/spring-web-4.3.24.RELEASE.jar:/Users/liuyi/Documents/tools/mavenrepository/org/springframework/spring-aop/4.3.24.RELEASE/spring-aop-4.3.24.RELEASE.jar:/Users/liuyi/Documents/tools/mavenrepository/org/springframework/spring-beans/4.3.24.RELEASE/spring-beans-4.3.24.RELEASE.jar:/Users/liuyi/Documents/tools/mavenrepository/org/springframework/spring-context/4.3.24.RELEASE/spring-context-4.3.24.RELEASE.jar:/Users/liuyi/Documents/tools/mavenrepository/org/springframework/spring-webmvc/4.3.24.RELEASE/spring-webmvc-4.3.24.RELEASE.jar:/Users/liuyi/Documents/tools/mavenrepository/org/springframework/spring-expression/4.3.24.RELEASE/spring-expression-4.3.24.RELEASE.jar:/Users/liuyi/Documents/tools/mavenrepository/org/springframework/boot/spring-boot-starter-test/1.5.21.RELEASE/spring-boot-starter-test-1.5.21.RELEASE.jar:/Users/liuyi/Documents/tools/mavenrepository/org/springframework/boot/spring-boot-test/1.5.21.RELEASE/spring-boot-test-1.5.21.RELEASE.jar:/Users/liuyi/Documents/tools/mavenrepository/org/springframework/boot/spring-boot-test-autoconfigure/1.5.21.RELEASE/spring-boot-test-autoconfigure-1.5.21.RELEASE.jar:/Users/liuyi/Documents/tools/mavenrepository/com/jayway/jsonpath/json-path/2.2.0/json-path-2.2.0.jar:/Users/liuyi/Documents/tools/mavenrepository/net/minidev/json-smart/2.2.1/json-smart-2.2.1.jar:/Users/liuyi/Documents/tools/mavenrepository/net/minidev/accessors-smart/1.1/accessors-smart-1.1.jar:/Users/liuyi/Documents/tools/mavenrepository/org/ow2/asm/asm/5.0.3/asm-5.0.3.jar:/Users/liuyi/Documents/tools/mavenrepository/junit/junit/4.12/junit-4.12.jar:/Users/liuyi/Documents/tools/mavenrepository/org/assertj/assertj-core/2.6.0/assertj-core-2.6.0.jar:/Users/liuyi/Documents/tools/mavenrepository/org/mockito/mockito-core/1.10.19/mockito-core-1.10.19.jar:/Users/liuyi/Documents/tools/mavenrepository/org/objenesis/objenesis/2.1/objenesis-2.1.jar:/Users/liuyi/Documents/tools/mavenrepository/org/hamcrest/hamcrest-core/1.3/hamcrest-core-1.3.jar:/Users/liuyi/Documents/tools/mavenrepository/org/hamcrest/hamcrest-library/1.3/hamcrest-library-1.3.jar:/Users/liuyi/Documents/tools/mavenrepository/org/skyscreamer/jsonassert/1.4.0/jsonassert-1.4.0.jar:/Users/liuyi/Documents/tools/mavenrepository/com/vaadin/external/google/android-json/0.0.20131108.vaadin1/android-json-0.0.20131108.vaadin1.jar:/Users/liuyi/Documents/tools/mavenrepository/org/springframework/spring-core/4.3.24.RELEASE/spring-core-4.3.24.RELEASE.jar:/Users/liuyi/Documents/tools/mavenrepository/org/springframework/spring-test/4.3.24.RELEASE/spring-test-4.3.24.RELEASE.jar:, java.specification.name=Java Platform API Specification, java.class.version=52.0, sun.management.compiler=HotSpot 64-Bit Tiered Compilers, maven.repo.local=/Users/liuyi/Documents/tools/mavenrepository, os.version=10.15.6, user.home=/Users/liuyi, user.timezone=Asia/Shanghai, java.awt.printerjob=sun.lwawt.macosx.CPrinterJob, file.encoding=UTF-8, java.specification.version=1.8, java.class.path=/Users/liuyi/IdeaProjects/gmall-shopping/gmall-parent/gmall-user-manage/target/test-classes:/Users/liuyi/IdeaProjects/gmall-shopping/gmall-parent/gmall-user-manage/target/classes:/Users/liuyi/IdeaProjects/gmall-shopping/gmall-parent/gmall-service-util/target/gmall-service-util-1.0-SNAPSHOT.jar:/Users/liuyi/IdeaProjects/gmall-shopping/gmall-parent/gmall-common-util/target/gmall-common-util-1.0-SNAPSHOT.jar:/Users/liuyi/Documents/tools/mavenrepository/org/slf4j/slf4j-api/1.7.26/slf4j-api-1.7.26.jar:/Users/liuyi/Documents/tools/mavenrepository/org/slf4j/log4j-over-slf4j/1.7.26/log4j-over-slf4j-1.7.26.jar:/Users/liuyi/Documents/tools/mavenrepository/com/alibaba/dubbo/2.6.0/dubbo-2.6.0.jar:/Users/liuyi/Documents/tools/mavenrepository/org/javassist/javassist/3.21.0-GA/javassist-3.21.0-GA.jar:/Users/liuyi/Documents/tools/mavenrepository/org/jboss/netty/netty/3.2.5.Final/netty-3.2.5.Final.jar:/Users/liuyi/Documents/tools/mavenrepository/com/101tec/zkclient/0.10/zkclient-0.10.jar:/Users/liuyi/Documents/tools/mavenrepository/org/apache/zookeeper/zookeeper/3.4.8/zookeeper-3.4.8.jar:/Users/liuyi/Documents/tools/mavenrepository/log4j/log4j/1.2.16/log4j-1.2.16.jar:/Users/liuyi/Documents/tools/mavenrepository/jline/jline/0.9.94/jline-0.9.94.jar:/Users/liuyi/Documents/tools/mavenrepository/io/netty/netty/3.7.0.Final/netty-3.7.0.Final.jar:/Users/liuyi/Documents/tools/mavenrepository/com/gitee/reger/spring-boot-starter-dubbo/1.0.7/spring-boot-starter-dubbo-1.0.7.jar:/Users/liuyi/Documents/tools/mavenrepository/org/springframework/boot/spring-boot-starter-validation/1.5.21.RELEASE/spring-boot-starter-validation-1.5.21.RELEASE.jar:/Users/liuyi/Documents/tools/mavenrepository/org/apache/httpcomponents/httpclient/4.5.5/httpclient-4.5.5.jar:/Users/liuyi/Documents/tools/mavenrepository/org/apache/httpcomponents/httpcore/4.4.11/httpcore-4.4.11.jar:/Users/liuyi/Documents/tools/mavenrepository/commons-logging/commons-logging/1.2/commons-logging-1.2.jar:/Users/liuyi/Documents/tools/mavenrepository/org/apache/commons/commons-lang3/3.7/commons-lang3-3.7.jar:/Users/liuyi/Documents/tools/mavenrepository/commons-beanutils/commons-beanutils/1.9.3/commons-beanutils-1.9.3.jar:/Users/liuyi/Documents/tools/mavenrepository/commons-collections/commons-collections/3.2.2/commons-collections-3.2.2.jar:/Users/liuyi/Documents/tools/mavenrepository/commons-codec/commons-codec/1.10/commons-codec-1.10.jar:/Users/liuyi/Documents/tools/mavenrepository/com/alibaba/fastjson/1.2.46/fastjson-1.2.46.jar:/Users/liuyi/Documents/tools/mavenrepository/org/springframework/boot/spring-boot-starter-jdbc/1.5.21.RELEASE/spring-boot-starter-jdbc-1.5.21.RELEASE.jar:/Users/liuyi/Documents/tools/mavenrepository/org/apache/tomcat/tomcat-jdbc/8.5.40/tomcat-jdbc-8.5.40.jar:/Users/liuyi/Documents/tools/mavenrepository/org/apache/tomcat/tomcat-juli/8.5.40/tomcat-juli-8.5.40.jar:/Users/liuyi/Documents/tools/mavenrepository/org/springframework/spring-jdbc/4.3.24.RELEASE/spring-jdbc-4.3.24.RELEASE.jar:/Users/liuyi/Documents/tools/mavenrepository/org/springframework/spring-tx/4.3.24.RELEASE/spring-tx-4.3.24.RELEASE.jar:/Users/liuyi/Documents/tools/mavenrepository/org/mybatis/spring/boot/mybatis-spring-boot-starter/1.3.1/mybatis-spring-boot-starter-1.3.1.jar:/Users/liuyi/Documents/tools/mavenrepository/org/mybatis/spring/boot/mybatis-spring-boot-autoconfigure/1.3.1/mybatis-spring-boot-autoconfigure-1.3.1.jar:/Users/liuyi/Documents/tools/mavenrepository/org/mybatis/mybatis/3.4.5/mybatis-3.4.5.jar:/Users/liuyi/Documents/tools/mavenrepository/org/mybatis/mybatis-spring/1.3.1/mybatis-spring-1.3.1.jar:/Users/liuyi/Documents/tools/mavenrepository/mysql/mysql-connector-java/5.1.47/mysql-connector-java-5.1.47.jar:/Users/liuyi/Documents/tools/mavenrepository/redis/clients/jedis/2.9.0/jedis-2.9.0.jar:/Users/liuyi/Documents/tools/mavenrepository/org/apache/commons/commons-pool2/2.4.3/commons-pool2-2.4.3.jar:/Users/liuyi/IdeaProjects/gmall-shopping/gmall-parent/gmall-interface/target/gmall-interface-1.0-SNAPSHOT.jar:/Users/liuyi/IdeaProjects/gmall-shopping/gmall-parent/gmall-bean/target/gmall-bean-1.0-SNAPSHOT.jar:/Users/liuyi/Documents/tools/mavenrepository/tk/mybatis/mapper-spring-boot-starter/1.2.3/mapper-spring-boot-starter-1.2.3.jar:/Users/liuyi/Documents/tools/mavenrepository/tk/mybatis/mapper-spring-boot-autoconfigure/1.2.3/mapper-spring-boot-autoconfigure-1.2.3.jar:/Users/liuyi/Documents/tools/mavenrepository/tk/mybatis/mapper/3.5.2/mapper-3.5.2.jar:/Users/liuyi/Documents/tools/mavenrepository/javax/persistence/persistence-api/1.0/persistence-api-1.0.jar:/Users/liuyi/Documents/tools/mavenrepository/org/projectlombok/lombok/1.16.22/lombok-1.16.22.jar:/Users/liuyi/Documents/tools/mavenrepository/org/springframework/boot/spring-boot-starter-web/1.5.21.RELEASE/spring-boot-starter-web-1.5.21.RELEASE.jar:/Users/liuyi/Documents/tools/mavenrepository/org/springframework/boot/spring-boot-starter/1.5.21.RELEASE/spring-boot-starter-1.5.21.RELEASE.jar:/Users/liuyi/Documents/tools/mavenrepository/org/springframework/boot/spring-boot/1.5.21.RELEASE/spring-boot-1.5.21.RELEASE.jar:/Users/liuyi/Documents/tools/mavenrepository/org/springframework/boot/spring-boot-autoconfigure/1.5.21.RELEASE/spring-boot-autoconfigure-1.5.21.RELEASE.jar:/Users/liuyi/Documents/tools/mavenrepository/org/springframework/boot/spring-boot-starter-logging/1.5.21.RELEASE/spring-boot-starter-logging-1.5.21.RELEASE.jar:/Users/liuyi/Documents/tools/mavenrepository/ch/qos/logback/logback-classic/1.1.11/logback-classic-1.1.11.jar:/Users/liuyi/Documents/tools/mavenrepository/ch/qos/logback/logback-core/1.1.11/logback-core-1.1.11.jar:/Users/liuyi/Documents/tools/mavenrepository/org/slf4j/jcl-over-slf4j/1.7.26/jcl-over-slf4j-1.7.26.jar:/Users/liuyi/Documents/tools/mavenrepository/org/slf4j/jul-to-slf4j/1.7.26/jul-to-slf4j-1.7.26.jar:/Users/liuyi/Documents/tools/mavenrepository/org/yaml/snakeyaml/1.17/snakeyaml-1.17.jar:/Users/liuyi/Documents/tools/mavenrepository/org/springframework/boot/spring-boot-starter-tomcat/1.5.21.RELEASE/spring-boot-starter-tomcat-1.5.21.RELEASE.jar:/Users/liuyi/Documents/tools/mavenrepository/org/apache/tomcat/embed/tomcat-embed-core/8.5.40/tomcat-embed-core-8.5.40.jar:/Users/liuyi/Documents/tools/mavenrepository/org/apache/tomcat/tomcat-annotations-api/8.5.40/tomcat-annotations-api-8.5.40.jar:/Users/liuyi/Documents/tools/mavenrepository/org/apache/tomcat/embed/tomcat-embed-el/8.5.40/tomcat-embed-el-8.5.40.jar:/Users/liuyi/Documents/tools/mavenrepository/org/apache/tomcat/embed/tomcat-embed-websocket/8.5.40/tomcat-embed-websocket-8.5.40.jar:/Users/liuyi/Documents/tools/mavenrepository/org/hibernate/hibernate-validator/5.3.6.Final/hibernate-validator-5.3.6.Final.jar:/Users/liuyi/Documents/tools/mavenrepository/javax/validation/validation-api/1.1.0.Final/validation-api-1.1.0.Final.jar:/Users/liuyi/Documents/tools/mavenrepository/org/jboss/logging/jboss-logging/3.3.2.Final/jboss-logging-3.3.2.Final.jar:/Users/liuyi/Documents/tools/mavenrepository/com/fasterxml/classmate/1.3.4/classmate-1.3.4.jar:/Users/liuyi/Documents/tools/mavenrepository/com/fasterxml/jackson/core/jackson-databind/2.8.11.3/jackson-databind-2.8.11.3.jar:/Users/liuyi/Documents/tools/mavenrepository/com/fasterxml/jackson/core/jackson-annotations/2.8.0/jackson-annotations-2.8.0.jar:/Users/liuyi/Documents/tools/mavenrepository/com/fasterxml/jackson/core/jackson-core/2.8.11/jackson-core-2.8.11.jar:/Users/liuyi/Documents/tools/mavenrepository/org/springframework/spring-web/4.3.24.RELEASE/spring-web-4.3.24.RELEASE.jar:/Users/liuyi/Documents/tools/mavenrepository/org/springframework/spring-aop/4.3.24.RELEASE/spring-aop-4.3.24.RELEASE.jar:/Users/liuyi/Documents/tools/mavenrepository/org/springframework/spring-beans/4.3.24.RELEASE/spring-beans-4.3.24.RELEASE.jar:/Users/liuyi/Documents/tools/mavenrepository/org/springframework/spring-context/4.3.24.RELEASE/spring-context-4.3.24.RELEASE.jar:/Users/liuyi/Documents/tools/mavenrepository/org/springframework/spring-webmvc/4.3.24.RELEASE/spring-webmvc-4.3.24.RELEASE.jar:/Users/liuyi/Documents/tools/mavenrepository/org/springframework/spring-expression/4.3.24.RELEASE/spring-expression-4.3.24.RELEASE.jar:/Users/liuyi/Documents/tools/mavenrepository/org/springframework/boot/spring-boot-starter-test/1.5.21.RELEASE/spring-boot-starter-test-1.5.21.RELEASE.jar:/Users/liuyi/Documents/tools/mavenrepository/org/springframework/boot/spring-boot-test/1.5.21.RELEASE/spring-boot-test-1.5.21.RELEASE.jar:/Users/liuyi/Documents/tools/mavenrepository/org/springframework/boot/spring-boot-test-autoconfigure/1.5.21.RELEASE/spring-boot-test-autoconfigure-1.5.21.RELEASE.jar:/Users/liuyi/Documents/tools/mavenrepository/com/jayway/jsonpath/json-path/2.2.0/json-path-2.2.0.jar:/Users/liuyi/Documents/tools/mavenrepository/net/minidev/json-smart/2.2.1/json-smart-2.2.1.jar:/Users/liuyi/Documents/tools/mavenrepository/net/minidev/accessors-smart/1.1/accessors-smart-1.1.jar:/Users/liuyi/Documents/tools/mavenrepository/org/ow2/asm/asm/5.0.3/asm-5.0.3.jar:/Users/liuyi/Documents/tools/mavenrepository/junit/junit/4.12/junit-4.12.jar:/Users/liuyi/Documents/tools/mavenrepository/org/assertj/assertj-core/2.6.0/assertj-core-2.6.0.jar:/Users/liuyi/Documents/tools/mavenrepository/org/mockito/mockito-core/1.10.19/mockito-core-1.10.19.jar:/Users/liuyi/Documents/tools/mavenrepository/org/objenesis/objenesis/2.1/objenesis-2.1.jar:/Users/liuyi/Documents/tools/mavenrepository/org/hamcrest/hamcrest-core/1.3/hamcrest-core-1.3.jar:/Users/liuyi/Documents/tools/mavenrepository/org/hamcrest/hamcrest-library/1.3/hamcrest-library-1.3.jar:/Users/liuyi/Documents/tools/mavenrepository/org/skyscreamer/jsonassert/1.4.0/jsonassert-1.4.0.jar:/Users/liuyi/Documents/tools/mavenrepository/com/vaadin/external/google/android-json/0.0.20131108.vaadin1/android-json-0.0.20131108.vaadin1.jar:/Users/liuyi/Documents/tools/mavenrepository/org/springframework/spring-core/4.3.24.RELEASE/spring-core-4.3.24.RELEASE.jar:/Users/liuyi/Documents/tools/mavenrepository/org/springframework/spring-test/4.3.24.RELEASE/spring-test-4.3.24.RELEASE.jar:, user.name=liuyi, java.vm.specification.version=1.8, sun.java.command=/Users/liuyi/IdeaProjects/gmall-shopping/gmall-parent/gmall-user-manage/target/surefire/surefirebooter5173833017675434096.jar /Users/liuyi/IdeaProjects/gmall-shopping/gmall-parent/gmall-user-manage/target/surefire/surefire8400893607540948603tmp /Users/liuyi/IdeaProjects/gmall-shopping/gmall-parent/gmall-user-manage/target/surefire/surefire_17090016128749033268tmp, java.home=/Library/Java/JavaVirtualMachines/jdk1.8.0_231.jdk/Contents/Home/jre, sun.arch.data.model=64, user.language=zh, java.specification.vendor=Oracle Corporation, awt.toolkit=sun.lwawt.macosx.LWCToolkit, java.vm.info=mixed mode, java.version=1.8.0_231, java.ext.dirs=/Users/liuyi/Library/Java/Extensions:/Library/Java/JavaVirtualMachines/jdk1.8.0_231.jdk/Contents/Home/jre/lib/ext:/Library/Java/Extensions:/Network/Library/Java/Extensions:/System/Library/Java/Extensions:/usr/lib/java, sun.boot.class.path=/Library/Java/JavaVirtualMachines/jdk1.8.0_231.jdk/Contents/Home/jre/lib/resources.jar:/Library/Java/JavaVirtualMachines/jdk1.8.0_231.jdk/Contents/Home/jre/lib/rt.jar:/Library/Java/JavaVirtualMachines/jdk1.8.0_231.jdk/Contents/Home/jre/lib/sunrsasign.jar:/Library/Java/JavaVirtualMachines/jdk1.8.0_231.jdk/Contents/Home/jre/lib/jsse.jar:/Library/Java/JavaVirtualMachines/jdk1.8.0_231.jdk/Contents/Home/jre/lib/jce.jar:/Library/Java/JavaVirtualMachines/jdk1.8.0_231.jdk/Contents/Home/jre/lib/charsets.jar:/Library/Java/JavaVirtualMachines/jdk1.8.0_231.jdk/Contents/Home/jre/lib/jfr.jar:/Library/Java/JavaVirtualMachines/jdk1.8.0_231.jdk/Contents/Home/jre/classes, java.vendor=Oracle Corporation, localRepository=/Users/liuyi/Documents/tools/mavenrepository, file.separator=/, idea.version2019.3=true, java.vendor.url.bug=http://bugreport.sun.com/bugreport/, sun.io.unicode.encoding=UnicodeBig, sun.cpu.endian=little, sun.cpu.isalist=}}, SystemEnvironmentPropertySource@868737467 {name='systemEnvironment', properties={PATH=/usr/local/bin:/usr/bin:/bin:/usr/sbin:/sbin:/Applications/VMware Fusion.app/Contents/Public:/usr/local/mysql/bin:/Users/liuyi/kaifa/maven/apache-maven-3.6.3/bin:/Users/liuyi/Documents/tools/apache-maven-3.6.3/bin:/Library/Developer/CommandLineTools/usr/bin, SHELL=/bin/zsh, JAVA_MAIN_CLASS_81850=org.apache.maven.surefire.booter.ForkedBooter, OLDPWD=/Users/liuyi/IdeaProjects/gmall-shopping/gmall-parent/gmall-user-manage, USER=liuyi, TMPDIR=/var/folders/cg/dknqc0_s32x017dq27ksz6nw0000gn/T/, SSH_AUTH_SOCK=/private/tmp/com.apple.launchd.0bLfhBMedC/Listeners, XPC_FLAGS=0x0, MAVEN_HOME=/Users/liuyi/kaifa/maven/apache-maven-3.6.3, JAVA_MAIN_CLASS_81845=org.codehaus.classworlds.Launcher, VERSIONER_PYTHON_VERSION=2.7, M2_HOME=/Users/liuyi/Documents/tools/apache-maven-3.6.3, __CF_USER_TEXT_ENCODING=0x1F5:0x19:0x34, LOGNAME=liuyi, LC_CTYPE=zh_CN.UTF-8, XPC_SERVICE_NAME=0, PWD=/Users/liuyi/IdeaProjects/gmall-shopping/gmall-parent/gmall-user-manage, HOME=/Users/liuyi, SHLVL=1, _=/Library/Java/JavaVirtualMachines/jdk1.8.0_231.jdk/Contents/Home/jre/bin/java}}]
10:18:16.360 [main] DEBUG org.springframework.core.io.support.PathMatchingResourcePatternResolver - Resolved classpath location [com/atguigu/gmall/gmallusermanage/] to resources [URL [file:/Users/liuyi/IdeaProjects/gmall-shopping/gmall-parent/gmall-user-manage/target/test-classes/com/atguigu/gmall/gmallusermanage/]]
10:18:16.360 [main] DEBUG org.springframework.core.io.support.PathMatchingResourcePatternResolver - Looking for matching resources in directory tree [/Users/liuyi/IdeaProjects/gmall-shopping/gmall-parent/gmall-user-manage/target/test-classes/com/atguigu/gmall/gmallusermanage]
10:18:16.360 [main] DEBUG org.springframework.core.io.support.PathMatchingResourcePatternResolver - Searching directory [/Users/liuyi/IdeaProjects/gmall-shopping/gmall-parent/gmall-user-manage/target/test-classes/com/atguigu/gmall/gmallusermanage] for files matching pattern [/Users/liuyi/IdeaProjects/gmall-shopping/gmall-parent/gmall-user-manage/target/test-classes/com/atguigu/gmall/gmallusermanage/*.class]
10:18:16.363 [main] DEBUG org.springframework.core.io.support.PathMatchingResourcePatternResolver - Resolved location pattern [classpath*:com/atguigu/gmall/gmallusermanage/*.class] to resources [file [/Users/liuyi/IdeaProjects/gmall-shopping/gmall-parent/gmall-user-manage/target/test-classes/com/atguigu/gmall/gmallusermanage/GmallUserManageApplicationTests.class]]
10:18:16.377 [main] DEBUG org.springframework.core.io.support.PathMatchingResourcePatternResolver - Resolved classpath location [com/atguigu/gmall/] to resources [URL [file:/Users/liuyi/IdeaProjects/gmall-shopping/gmall-parent/gmall-user-manage/target/test-classes/com/atguigu/gmall/], URL [file:/Users/liuyi/IdeaProjects/gmall-shopping/gmall-parent/gmall-user-manage/target/classes/com/atguigu/gmall/], URL [jar:file:/Users/liuyi/IdeaProjects/gmall-shopping/gmall-parent/gmall-interface/target/gmall-interface-1.0-SNAPSHOT.jar!/com/atguigu/gmall/], URL [jar:file:/Users/liuyi/IdeaProjects/gmall-shopping/gmall-parent/gmall-bean/target/gmall-bean-1.0-SNAPSHOT.jar!/com/atguigu/gmall/]]
10:18:16.377 [main] DEBUG org.springframework.core.io.support.PathMatchingResourcePatternResolver - Looking for matching resources in directory tree [/Users/liuyi/IdeaProjects/gmall-shopping/gmall-parent/gmall-user-manage/target/test-classes/com/atguigu/gmall]
10:18:16.378 [main] DEBUG org.springframework.core.io.support.PathMatchingResourcePatternResolver - Searching directory [/Users/liuyi/IdeaProjects/gmall-shopping/gmall-parent/gmall-user-manage/target/test-classes/com/atguigu/gmall] for files matching pattern [/Users/liuyi/IdeaProjects/gmall-shopping/gmall-parent/gmall-user-manage/target/test-classes/com/atguigu/gmall/*.class]
10:18:16.378 [main] DEBUG org.springframework.core.io.support.PathMatchingResourcePatternResolver - Looking for matching resources in directory tree [/Users/liuyi/IdeaProjects/gmall-shopping/gmall-parent/gmall-user-manage/target/classes/com/atguigu/gmall]
10:18:16.378 [main] DEBUG org.springframework.core.io.support.PathMatchingResourcePatternResolver - Searching directory [/Users/liuyi/IdeaProjects/gmall-shopping/gmall-parent/gmall-user-manage/target/classes/com/atguigu/gmall] for files matching pattern [/Users/liuyi/IdeaProjects/gmall-shopping/gmall-parent/gmall-user-manage/target/classes/com/atguigu/gmall/*.class]
10:18:16.378 [main] DEBUG org.springframework.core.io.support.PathMatchingResourcePatternResolver - Looking for matching resources in jar file [file:/Users/liuyi/IdeaProjects/gmall-shopping/gmall-parent/gmall-interface/target/gmall-interface-1.0-SNAPSHOT.jar]
10:18:16.379 [main] DEBUG org.springframework.core.io.support.PathMatchingResourcePatternResolver - Looking for matching resources in jar file [file:/Users/liuyi/IdeaProjects/gmall-shopping/gmall-parent/gmall-bean/target/gmall-bean-1.0-SNAPSHOT.jar]
10:18:16.379 [main] DEBUG org.springframework.core.io.support.PathMatchingResourcePatternResolver - Resolved location pattern [classpath*:com/atguigu/gmall/*.class] to resources []
10:18:16.379 [main] DEBUG org.springframework.core.io.support.PathMatchingResourcePatternResolver - Resolved classpath location [com/atguigu/] to resources [URL [file:/Users/liuyi/IdeaProjects/gmall-shopping/gmall-parent/gmall-user-manage/target/test-classes/com/atguigu/], URL [file:/Users/liuyi/IdeaProjects/gmall-shopping/gmall-parent/gmall-user-manage/target/classes/com/atguigu/], URL [jar:file:/Users/liuyi/IdeaProjects/gmall-shopping/gmall-parent/gmall-interface/target/gmall-interface-1.0-SNAPSHOT.jar!/com/atguigu/], URL [jar:file:/Users/liuyi/IdeaProjects/gmall-shopping/gmall-parent/gmall-bean/target/gmall-bean-1.0-SNAPSHOT.jar!/com/atguigu/]]
10:18:16.380 [main] DEBUG org.springframework.core.io.support.PathMatchingResourcePatternResolver - Looking for matching resources in directory tree [/Users/liuyi/IdeaProjects/gmall-shopping/gmall-parent/gmall-user-manage/target/test-classes/com/atguigu]
10:18:16.380 [main] DEBUG org.springframework.core.io.support.PathMatchingResourcePatternResolver - Searching directory [/Users/liuyi/IdeaProjects/gmall-shopping/gmall-parent/gmall-user-manage/target/test-classes/com/atguigu] for files matching pattern [/Users/liuyi/IdeaProjects/gmall-shopping/gmall-parent/gmall-user-manage/target/test-classes/com/atguigu/*.class]
10:18:16.380 [main] DEBUG org.springframework.core.io.support.PathMatchingResourcePatternResolver - Looking for matching resources in directory tree [/Users/liuyi/IdeaProjects/gmall-shopping/gmall-parent/gmall-user-manage/target/classes/com/atguigu]
10:18:16.380 [main] DEBUG org.springframework.core.io.support.PathMatchingResourcePatternResolver - Searching directory [/Users/liuyi/IdeaProjects/gmall-shopping/gmall-parent/gmall-user-manage/target/classes/com/atguigu] for files matching pattern [/Users/liuyi/IdeaProjects/gmall-shopping/gmall-parent/gmall-user-manage/target/classes/com/atguigu/*.class]
10:18:16.380 [main] DEBUG org.springframework.core.io.support.PathMatchingResourcePatternResolver - Looking for matching resources in jar file [file:/Users/liuyi/IdeaProjects/gmall-shopping/gmall-parent/gmall-interface/target/gmall-interface-1.0-SNAPSHOT.jar]
10:18:16.381 [main] DEBUG org.springframework.core.io.support.PathMatchingResourcePatternResolver - Looking for matching resources in jar file [file:/Users/liuyi/IdeaProjects/gmall-shopping/gmall-parent/gmall-bean/target/gmall-bean-1.0-SNAPSHOT.jar]
10:18:16.381 [main] DEBUG org.springframework.core.io.support.PathMatchingResourcePatternResolver - Resolved location pattern [classpath*:com/atguigu/*.class] to resources []
10:18:16.382 [main] DEBUG org.springframework.core.io.support.PathMatchingResourcePatternResolver - Resolved classpath location [com/] to resources [URL [jar:file:/System/Library/Java/Extensions/MRJToolkit.jar!/com/], URL [file:/Users/liuyi/IdeaProjects/gmall-shopping/gmall-parent/gmall-user-manage/target/test-classes/com/], URL [file:/Users/liuyi/IdeaProjects/gmall-shopping/gmall-parent/gmall-user-manage/target/classes/com/], URL [jar:file:/Users/liuyi/Documents/tools/mavenrepository/com/alibaba/dubbo/2.6.0/dubbo-2.6.0.jar!/com/], URL [jar:file:/Users/liuyi/Documents/tools/mavenrepository/com/gitee/reger/spring-boot-starter-dubbo/1.0.7/spring-boot-starter-dubbo-1.0.7.jar!/com/], URL [jar:file:/Users/liuyi/Documents/tools/mavenrepository/com/alibaba/fastjson/1.2.46/fastjson-1.2.46.jar!/com/], URL [jar:file:/Users/liuyi/Documents/tools/mavenrepository/mysql/mysql-connector-java/5.1.47/mysql-connector-java-5.1.47.jar!/com/], URL [jar:file:/Users/liuyi/IdeaProjects/gmall-shopping/gmall-parent/gmall-interface/target/gmall-interface-1.0-SNAPSHOT.jar!/com/], URL [jar:file:/Users/liuyi/IdeaProjects/gmall-shopping/gmall-parent/gmall-bean/target/gmall-bean-1.0-SNAPSHOT.jar!/com/], URL [jar:file:/Users/liuyi/Documents/tools/mavenrepository/org/projectlombok/lombok/1.16.22/lombok-1.16.22.jar!/com/], URL [jar:file:/Users/liuyi/Documents/tools/mavenrepository/com/fasterxml/classmate/1.3.4/classmate-1.3.4.jar!/com/], URL [jar:file:/Users/liuyi/Documents/tools/mavenrepository/com/fasterxml/jackson/core/jackson-databind/2.8.11.3/jackson-databind-2.8.11.3.jar!/com/], URL [jar:file:/Users/liuyi/Documents/tools/mavenrepository/com/fasterxml/jackson/core/jackson-annotations/2.8.0/jackson-annotations-2.8.0.jar!/com/], URL [jar:file:/Users/liuyi/Documents/tools/mavenrepository/com/fasterxml/jackson/core/jackson-core/2.8.11/jackson-core-2.8.11.jar!/com/], URL [jar:file:/Users/liuyi/Documents/tools/mavenrepository/com/jayway/jsonpath/json-path/2.2.0/json-path-2.2.0.jar!/com/]]
10:18:16.382 [main] DEBUG org.springframework.core.io.support.PathMatchingResourcePatternResolver - Looking for matching resources in jar file [file:/System/Library/Java/Extensions/MRJToolkit.jar]
10:18:16.383 [main] DEBUG org.springframework.core.io.support.PathMatchingResourcePatternResolver - Looking for matching resources in directory tree [/Users/liuyi/IdeaProjects/gmall-shopping/gmall-parent/gmall-user-manage/target/test-classes/com]
10:18:16.383 [main] DEBUG org.springframework.core.io.support.PathMatchingResourcePatternResolver - Searching directory [/Users/liuyi/IdeaProjects/gmall-shopping/gmall-parent/gmall-user-manage/target/test-classes/com] for files matching pattern [/Users/liuyi/IdeaProjects/gmall-shopping/gmall-parent/gmall-user-manage/target/test-classes/com/*.class]
10:18:16.383 [main] DEBUG org.springframework.core.io.support.PathMatchingResourcePatternResolver - Looking for matching resources in directory tree [/Users/liuyi/IdeaProjects/gmall-shopping/gmall-parent/gmall-user-manage/target/classes/com]
10:18:16.384 [main] DEBUG org.springframework.core.io.support.PathMatchingResourcePatternResolver - Searching directory [/Users/liuyi/IdeaProjects/gmall-shopping/gmall-parent/gmall-user-manage/target/classes/com] for files matching pattern [/Users/liuyi/IdeaProjects/gmall-shopping/gmall-parent/gmall-user-manage/target/classes/com/*.class]
10:18:16.384 [main] DEBUG org.springframework.core.io.support.PathMatchingResourcePatternResolver - Looking for matching resources in jar file [file:/Users/liuyi/Documents/tools/mavenrepository/com/alibaba/dubbo/2.6.0/dubbo-2.6.0.jar]
10:18:16.394 [main] DEBUG org.springframework.core.io.support.PathMatchingResourcePatternResolver - Looking for matching resources in jar file [file:/Users/liuyi/Documents/tools/mavenrepository/com/gitee/reger/spring-boot-starter-dubbo/1.0.7/spring-boot-starter-dubbo-1.0.7.jar]
10:18:16.394 [main] DEBUG org.springframework.core.io.support.PathMatchingResourcePatternResolver - Looking for matching resources in jar file [file:/Users/liuyi/Documents/tools/mavenrepository/com/alibaba/fastjson/1.2.46/fastjson-1.2.46.jar]
10:18:16.395 [main] DEBUG org.springframework.core.io.support.PathMatchingResourcePatternResolver - Looking for matching resources in jar file [file:/Users/liuyi/Documents/tools/mavenrepository/mysql/mysql-connector-java/5.1.47/mysql-connector-java-5.1.47.jar]
10:18:16.397 [main] DEBUG org.springframework.core.io.support.PathMatchingResourcePatternResolver - Looking for matching resources in jar file [file:/Users/liuyi/IdeaProjects/gmall-shopping/gmall-parent/gmall-interface/target/gmall-interface-1.0-SNAPSHOT.jar]
10:18:16.397 [main] DEBUG org.springframework.core.io.support.PathMatchingResourcePatternResolver - Looking for matching resources in jar file [file:/Users/liuyi/IdeaProjects/gmall-shopping/gmall-parent/gmall-bean/target/gmall-bean-1.0-SNAPSHOT.jar]
10:18:16.397 [main] DEBUG org.springframework.core.io.support.PathMatchingResourcePatternResolver - Looking for matching resources in jar file [file:/Users/liuyi/Documents/tools/mavenrepository/org/projectlombok/lombok/1.16.22/lombok-1.16.22.jar]
10:18:16.399 [main] DEBUG org.springframework.core.io.support.PathMatchingResourcePatternResolver - Looking for matching resources in jar file [file:/Users/liuyi/Documents/tools/mavenrepository/com/fasterxml/classmate/1.3.4/classmate-1.3.4.jar]
10:18:16.400 [main] DEBUG org.springframework.core.io.support.PathMatchingResourcePatternResolver - Looking for matching resources in jar file [file:/Users/liuyi/Documents/tools/mavenrepository/com/fasterxml/jackson/core/jackson-databind/2.8.11.3/jackson-databind-2.8.11.3.jar]
10:18:16.403 [main] DEBUG org.springframework.core.io.support.PathMatchingResourcePatternResolver - Looking for matching resources in jar file [file:/Users/liuyi/Documents/tools/mavenrepository/com/fasterxml/jackson/core/jackson-annotations/2.8.0/jackson-annotations-2.8.0.jar]
10:18:16.403 [main] DEBUG org.springframework.core.io.support.PathMatchingResourcePatternResolver - Looking for matching resources in jar file [file:/Users/liuyi/Documents/tools/mavenrepository/com/fasterxml/jackson/core/jackson-core/2.8.11/jackson-core-2.8.11.jar]
10:18:16.404 [main] DEBUG org.springframework.core.io.support.PathMatchingResourcePatternResolver - Looking for matching resources in jar file [file:/Users/liuyi/Documents/tools/mavenrepository/com/jayway/jsonpath/json-path/2.2.0/json-path-2.2.0.jar]
10:18:16.404 [main] DEBUG org.springframework.core.io.support.PathMatchingResourcePatternResolver - Resolved location pattern [classpath*:com/*.class] to resources []
10:18:16.408 [main] DEBUG org.springframework.test.context.junit4.SpringJUnit4ClassRunner - SpringJUnit4ClassRunner constructor called with [class com.atguigu.gmall.gmallusermanage.GmallUserManageApplicationTests]
10:18:16.408 [main] DEBUG org.springframework.test.context.BootstrapUtils - Instantiating CacheAwareContextLoaderDelegate from class [org.springframework.test.context.cache.DefaultCacheAwareContextLoaderDelegate]
10:18:16.408 [main] DEBUG org.springframework.test.context.BootstrapUtils - Instantiating BootstrapContext using constructor [public org.springframework.test.context.support.DefaultBootstrapContext(java.lang.Class,org.springframework.test.context.CacheAwareContextLoaderDelegate)]
10:18:16.408 [main] DEBUG org.springframework.test.context.BootstrapUtils - Instantiating TestContextBootstrapper for test class [com.atguigu.gmall.gmallusermanage.GmallUserManageApplicationTests] from class [org.springframework.boot.test.context.SpringBootTestContextBootstrapper]
10:18:16.409 [main] INFO org.springframework.boot.test.context.SpringBootTestContextBootstrapper - Neither @ContextConfiguration nor @ContextHierarchy found for test class [com.atguigu.gmall.gmallusermanage.GmallUserManageApplicationTests], using SpringBootContextLoader
10:18:16.410 [main] DEBUG org.springframework.test.context.support.AbstractContextLoader - Did not detect default resource location for test class [com.atguigu.gmall.gmallusermanage.GmallUserManageApplicationTests]: class path resource [com/atguigu/gmall/gmallusermanage/GmallUserManageApplicationTests-context.xml] does not exist
10:18:16.410 [main] DEBUG org.springframework.test.context.support.AbstractContextLoader - Did not detect default resource location for test class [com.atguigu.gmall.gmallusermanage.GmallUserManageApplicationTests]: class path resource [com/atguigu/gmall/gmallusermanage/GmallUserManageApplicationTestsContext.groovy] does not exist
10:18:16.410 [main] INFO org.springframework.test.context.support.AbstractContextLoader - Could not detect default resource locations for test class [com.atguigu.gmall.gmallusermanage.GmallUserManageApplicationTests]: no resource found for suffixes {-context.xml, Context.groovy}.
10:18:16.410 [main] INFO org.springframework.test.context.support.AnnotationConfigContextLoaderUtils - Could not detect default configuration classes for test class [com.atguigu.gmall.gmallusermanage.GmallUserManageApplicationTests]: GmallUserManageApplicationTests does not declare any static, non-private, non-final, nested classes annotated with @Configuration.
10:18:16.414 [main] DEBUG org.springframework.test.context.support.ActiveProfilesUtils - Could not find an 'annotation declaring class' for annotation type [org.springframework.test.context.ActiveProfiles] and class [com.atguigu.gmall.gmallusermanage.GmallUserManageApplicationTests]
10:18:16.414 [main] DEBUG org.springframework.core.env.StandardEnvironment - Adding PropertySource 'systemProperties' with lowest search precedence
10:18:16.414 [main] DEBUG org.springframework.core.env.StandardEnvironment - Adding PropertySource 'systemEnvironment' with lowest search precedence
10:18:16.415 [main] DEBUG org.springframework.core.env.StandardEnvironment - Initialized StandardEnvironment with PropertySources [MapPropertySource@1337344609 {name='systemProperties', properties={java.runtime.name=Java(TM) SE Runtime Environment, sun.boot.library.path=/Library/Java/JavaVirtualMachines/jdk1.8.0_231.jdk/Contents/Home/jre/lib, java.vm.version=25.231-b11, gopherProxySet=false, java.vm.vendor=Oracle Corporation, java.vendor.url=http://java.oracle.com/, path.separator=:, java.vm.name=Java HotSpot(TM) 64-Bit Server VM, file.encoding.pkg=sun.io, user.country=CN, sun.java.launcher=SUN_STANDARD, sun.os.patch.level=unknown, java.vm.specification.name=Java Virtual Machine Specification, user.dir=/Users/liuyi/IdeaProjects/gmall-shopping/gmall-parent/gmall-user-manage, java.runtime.version=1.8.0_231-b11, basedir=/Users/liuyi/IdeaProjects/gmall-shopping/gmall-parent/gmall-user-manage, java.awt.graphicsenv=sun.awt.CGraphicsEnvironment, java.endorsed.dirs=/Library/Java/JavaVirtualMachines/jdk1.8.0_231.jdk/Contents/Home/jre/lib/endorsed, os.arch=x86_64, surefire.real.class.path=/Users/liuyi/IdeaProjects/gmall-shopping/gmall-parent/gmall-user-manage/target/surefire/surefirebooter5173833017675434096.jar, java.io.tmpdir=/var/folders/cg/dknqc0_s32x017dq27ksz6nw0000gn/T/, line.separator=
, java.vm.specification.vendor=Oracle Corporation, os.name=Mac OS X, sun.jnu.encoding=UTF-8, java.library.path=/Users/liuyi/Library/Java/Extensions:/Library/Java/Extensions:/Network/Library/Java/Extensions:/System/Library/Java/Extensions:/usr/lib/java:., surefire.test.class.path=/Users/liuyi/IdeaProjects/gmall-shopping/gmall-parent/gmall-user-manage/target/test-classes:/Users/liuyi/IdeaProjects/gmall-shopping/gmall-parent/gmall-user-manage/target/classes:/Users/liuyi/IdeaProjects/gmall-shopping/gmall-parent/gmall-service-util/target/gmall-service-util-1.0-SNAPSHOT.jar:/Users/liuyi/IdeaProjects/gmall-shopping/gmall-parent/gmall-common-util/target/gmall-common-util-1.0-SNAPSHOT.jar:/Users/liuyi/Documents/tools/mavenrepository/org/slf4j/slf4j-api/1.7.26/slf4j-api-1.7.26.jar:/Users/liuyi/Documents/tools/mavenrepository/org/slf4j/log4j-over-slf4j/1.7.26/log4j-over-slf4j-1.7.26.jar:/Users/liuyi/Documents/tools/mavenrepository/com/alibaba/dubbo/2.6.0/dubbo-2.6.0.jar:/Users/liuyi/Documents/tools/mavenrepository/org/javassist/javassist/3.21.0-GA/javassist-3.21.0-GA.jar:/Users/liuyi/Documents/tools/mavenrepository/org/jboss/netty/netty/3.2.5.Final/netty-3.2.5.Final.jar:/Users/liuyi/Documents/tools/mavenrepository/com/101tec/zkclient/0.10/zkclient-0.10.jar:/Users/liuyi/Documents/tools/mavenrepository/org/apache/zookeeper/zookeeper/3.4.8/zookeeper-3.4.8.jar:/Users/liuyi/Documents/tools/mavenrepository/log4j/log4j/1.2.16/log4j-1.2.16.jar:/Users/liuyi/Documents/tools/mavenrepository/jline/jline/0.9.94/jline-0.9.94.jar:/Users/liuyi/Documents/tools/mavenrepository/io/netty/netty/3.7.0.Final/netty-3.7.0.Final.jar:/Users/liuyi/Documents/tools/mavenrepository/com/gitee/reger/spring-boot-starter-dubbo/1.0.7/spring-boot-starter-dubbo-1.0.7.jar:/Users/liuyi/Documents/tools/mavenrepository/org/springframework/boot/spring-boot-starter-validation/1.5.21.RELEASE/spring-boot-starter-validation-1.5.21.RELEASE.jar:/Users/liuyi/Documents/tools/mavenrepository/org/apache/httpcomponents/httpclient/4.5.5/httpclient-4.5.5.jar:/Users/liuyi/Documents/tools/mavenrepository/org/apache/httpcomponents/httpcore/4.4.11/httpcore-4.4.11.jar:/Users/liuyi/Documents/tools/mavenrepository/commons-logging/commons-logging/1.2/commons-logging-1.2.jar:/Users/liuyi/Documents/tools/mavenrepository/org/apache/commons/commons-lang3/3.7/commons-lang3-3.7.jar:/Users/liuyi/Documents/tools/mavenrepository/commons-beanutils/commons-beanutils/1.9.3/commons-beanutils-1.9.3.jar:/Users/liuyi/Documents/tools/mavenrepository/commons-collections/commons-collections/3.2.2/commons-collections-3.2.2.jar:/Users/liuyi/Documents/tools/mavenrepository/commons-codec/commons-codec/1.10/commons-codec-1.10.jar:/Users/liuyi/Documents/tools/mavenrepository/com/alibaba/fastjson/1.2.46/fastjson-1.2.46.jar:/Users/liuyi/Documents/tools/mavenrepository/org/springframework/boot/spring-boot-starter-jdbc/1.5.21.RELEASE/spring-boot-starter-jdbc-1.5.21.RELEASE.jar:/Users/liuyi/Documents/tools/mavenrepository/org/apache/tomcat/tomcat-jdbc/8.5.40/tomcat-jdbc-8.5.40.jar:/Users/liuyi/Documents/tools/mavenrepository/org/apache/tomcat/tomcat-juli/8.5.40/tomcat-juli-8.5.40.jar:/Users/liuyi/Documents/tools/mavenrepository/org/springframework/spring-jdbc/4.3.24.RELEASE/spring-jdbc-4.3.24.RELEASE.jar:/Users/liuyi/Documents/tools/mavenrepository/org/springframework/spring-tx/4.3.24.RELEASE/spring-tx-4.3.24.RELEASE.jar:/Users/liuyi/Documents/tools/mavenrepository/org/mybatis/spring/boot/mybatis-spring-boot-starter/1.3.1/mybatis-spring-boot-starter-1.3.1.jar:/Users/liuyi/Documents/tools/mavenrepository/org/mybatis/spring/boot/mybatis-spring-boot-autoconfigure/1.3.1/mybatis-spring-boot-autoconfigure-1.3.1.jar:/Users/liuyi/Documents/tools/mavenrepository/org/mybatis/mybatis/3.4.5/mybatis-3.4.5.jar:/Users/liuyi/Documents/tools/mavenrepository/org/mybatis/mybatis-spring/1.3.1/mybatis-spring-1.3.1.jar:/Users/liuyi/Documents/tools/mavenrepository/mysql/mysql-connector-java/5.1.47/mysql-connector-java-5.1.47.jar:/Users/liuyi/Documents/tools/mavenrepository/redis/clients/jedis/2.9.0/jedis-2.9.0.jar:/Users/liuyi/Documents/tools/mavenrepository/org/apache/commons/commons-pool2/2.4.3/commons-pool2-2.4.3.jar:/Users/liuyi/IdeaProjects/gmall-shopping/gmall-parent/gmall-interface/target/gmall-interface-1.0-SNAPSHOT.jar:/Users/liuyi/IdeaProjects/gmall-shopping/gmall-parent/gmall-bean/target/gmall-bean-1.0-SNAPSHOT.jar:/Users/liuyi/Documents/tools/mavenrepository/tk/mybatis/mapper-spring-boot-starter/1.2.3/mapper-spring-boot-starter-1.2.3.jar:/Users/liuyi/Documents/tools/mavenrepository/tk/mybatis/mapper-spring-boot-autoconfigure/1.2.3/mapper-spring-boot-autoconfigure-1.2.3.jar:/Users/liuyi/Documents/tools/mavenrepository/tk/mybatis/mapper/3.5.2/mapper-3.5.2.jar:/Users/liuyi/Documents/tools/mavenrepository/javax/persistence/persistence-api/1.0/persistence-api-1.0.jar:/Users/liuyi/Documents/tools/mavenrepository/org/projectlombok/lombok/1.16.22/lombok-1.16.22.jar:/Users/liuyi/Documents/tools/mavenrepository/org/springframework/boot/spring-boot-starter-web/1.5.21.RELEASE/spring-boot-starter-web-1.5.21.RELEASE.jar:/Users/liuyi/Documents/tools/mavenrepository/org/springframework/boot/spring-boot-starter/1.5.21.RELEASE/spring-boot-starter-1.5.21.RELEASE.jar:/Users/liuyi/Documents/tools/mavenrepository/org/springframework/boot/spring-boot/1.5.21.RELEASE/spring-boot-1.5.21.RELEASE.jar:/Users/liuyi/Documents/tools/mavenrepository/org/springframework/boot/spring-boot-autoconfigure/1.5.21.RELEASE/spring-boot-autoconfigure-1.5.21.RELEASE.jar:/Users/liuyi/Documents/tools/mavenrepository/org/springframework/boot/spring-boot-starter-logging/1.5.21.RELEASE/spring-boot-starter-logging-1.5.21.RELEASE.jar:/Users/liuyi/Documents/tools/mavenrepository/ch/qos/logback/logback-classic/1.1.11/logback-classic-1.1.11.jar:/Users/liuyi/Documents/tools/mavenrepository/ch/qos/logback/logback-core/1.1.11/logback-core-1.1.11.jar:/Users/liuyi/Documents/tools/mavenrepository/org/slf4j/jcl-over-slf4j/1.7.26/jcl-over-slf4j-1.7.26.jar:/Users/liuyi/Documents/tools/mavenrepository/org/slf4j/jul-to-slf4j/1.7.26/jul-to-slf4j-1.7.26.jar:/Users/liuyi/Documents/tools/mavenrepository/org/yaml/snakeyaml/1.17/snakeyaml-1.17.jar:/Users/liuyi/Documents/tools/mavenrepository/org/springframework/boot/spring-boot-starter-tomcat/1.5.21.RELEASE/spring-boot-starter-tomcat-1.5.21.RELEASE.jar:/Users/liuyi/Documents/tools/mavenrepository/org/apache/tomcat/embed/tomcat-embed-core/8.5.40/tomcat-embed-core-8.5.40.jar:/Users/liuyi/Documents/tools/mavenrepository/org/apache/tomcat/tomcat-annotations-api/8.5.40/tomcat-annotations-api-8.5.40.jar:/Users/liuyi/Documents/tools/mavenrepository/org/apache/tomcat/embed/tomcat-embed-el/8.5.40/tomcat-embed-el-8.5.40.jar:/Users/liuyi/Documents/tools/mavenrepository/org/apache/tomcat/embed/tomcat-embed-websocket/8.5.40/tomcat-embed-websocket-8.5.40.jar:/Users/liuyi/Documents/tools/mavenrepository/org/hibernate/hibernate-validator/5.3.6.Final/hibernate-validator-5.3.6.Final.jar:/Users/liuyi/Documents/tools/mavenrepository/javax/validation/validation-api/1.1.0.Final/validation-api-1.1.0.Final.jar:/Users/liuyi/Documents/tools/mavenrepository/org/jboss/logging/jboss-logging/3.3.2.Final/jboss-logging-3.3.2.Final.jar:/Users/liuyi/Documents/tools/mavenrepository/com/fasterxml/classmate/1.3.4/classmate-1.3.4.jar:/Users/liuyi/Documents/tools/mavenrepository/com/fasterxml/jackson/core/jackson-databind/2.8.11.3/jackson-databind-2.8.11.3.jar:/Users/liuyi/Documents/tools/mavenrepository/com/fasterxml/jackson/core/jackson-annotations/2.8.0/jackson-annotations-2.8.0.jar:/Users/liuyi/Documents/tools/mavenrepository/com/fasterxml/jackson/core/jackson-core/2.8.11/jackson-core-2.8.11.jar:/Users/liuyi/Documents/tools/mavenrepository/org/springframework/spring-web/4.3.24.RELEASE/spring-web-4.3.24.RELEASE.jar:/Users/liuyi/Documents/tools/mavenrepository/org/springframework/spring-aop/4.3.24.RELEASE/spring-aop-4.3.24.RELEASE.jar:/Users/liuyi/Documents/tools/mavenrepository/org/springframework/spring-beans/4.3.24.RELEASE/spring-beans-4.3.24.RELEASE.jar:/Users/liuyi/Documents/tools/mavenrepository/org/springframework/spring-context/4.3.24.RELEASE/spring-context-4.3.24.RELEASE.jar:/Users/liuyi/Documents/tools/mavenrepository/org/springframework/spring-webmvc/4.3.24.RELEASE/spring-webmvc-4.3.24.RELEASE.jar:/Users/liuyi/Documents/tools/mavenrepository/org/springframework/spring-expression/4.3.24.RELEASE/spring-expression-4.3.24.RELEASE.jar:/Users/liuyi/Documents/tools/mavenrepository/org/springframework/boot/spring-boot-starter-test/1.5.21.RELEASE/spring-boot-starter-test-1.5.21.RELEASE.jar:/Users/liuyi/Documents/tools/mavenrepository/org/springframework/boot/spring-boot-test/1.5.21.RELEASE/spring-boot-test-1.5.21.RELEASE.jar:/Users/liuyi/Documents/tools/mavenrepository/org/springframework/boot/spring-boot-test-autoconfigure/1.5.21.RELEASE/spring-boot-test-autoconfigure-1.5.21.RELEASE.jar:/Users/liuyi/Documents/tools/mavenrepository/com/jayway/jsonpath/json-path/2.2.0/json-path-2.2.0.jar:/Users/liuyi/Documents/tools/mavenrepository/net/minidev/json-smart/2.2.1/json-smart-2.2.1.jar:/Users/liuyi/Documents/tools/mavenrepository/net/minidev/accessors-smart/1.1/accessors-smart-1.1.jar:/Users/liuyi/Documents/tools/mavenrepository/org/ow2/asm/asm/5.0.3/asm-5.0.3.jar:/Users/liuyi/Documents/tools/mavenrepository/junit/junit/4.12/junit-4.12.jar:/Users/liuyi/Documents/tools/mavenrepository/org/assertj/assertj-core/2.6.0/assertj-core-2.6.0.jar:/Users/liuyi/Documents/tools/mavenrepository/org/mockito/mockito-core/1.10.19/mockito-core-1.10.19.jar:/Users/liuyi/Documents/tools/mavenrepository/org/objenesis/objenesis/2.1/objenesis-2.1.jar:/Users/liuyi/Documents/tools/mavenrepository/org/hamcrest/hamcrest-core/1.3/hamcrest-core-1.3.jar:/Users/liuyi/Documents/tools/mavenrepository/org/hamcrest/hamcrest-library/1.3/hamcrest-library-1.3.jar:/Users/liuyi/Documents/tools/mavenrepository/org/skyscreamer/jsonassert/1.4.0/jsonassert-1.4.0.jar:/Users/liuyi/Documents/tools/mavenrepository/com/vaadin/external/google/android-json/0.0.20131108.vaadin1/android-json-0.0.20131108.vaadin1.jar:/Users/liuyi/Documents/tools/mavenrepository/org/springframework/spring-core/4.3.24.RELEASE/spring-core-4.3.24.RELEASE.jar:/Users/liuyi/Documents/tools/mavenrepository/org/springframework/spring-test/4.3.24.RELEASE/spring-test-4.3.24.RELEASE.jar:, java.specification.name=Java Platform API Specification, java.class.version=52.0, sun.management.compiler=HotSpot 64-Bit Tiered Compilers, maven.repo.local=/Users/liuyi/Documents/tools/mavenrepository, os.version=10.15.6, user.home=/Users/liuyi, user.timezone=Asia/Shanghai, java.awt.printerjob=sun.lwawt.macosx.CPrinterJob, file.encoding=UTF-8, java.specification.version=1.8, java.class.path=/Users/liuyi/IdeaProjects/gmall-shopping/gmall-parent/gmall-user-manage/target/test-classes:/Users/liuyi/IdeaProjects/gmall-shopping/gmall-parent/gmall-user-manage/target/classes:/Users/liuyi/IdeaProjects/gmall-shopping/gmall-parent/gmall-service-util/target/gmall-service-util-1.0-SNAPSHOT.jar:/Users/liuyi/IdeaProjects/gmall-shopping/gmall-parent/gmall-common-util/target/gmall-common-util-1.0-SNAPSHOT.jar:/Users/liuyi/Documents/tools/mavenrepository/org/slf4j/slf4j-api/1.7.26/slf4j-api-1.7.26.jar:/Users/liuyi/Documents/tools/mavenrepository/org/slf4j/log4j-over-slf4j/1.7.26/log4j-over-slf4j-1.7.26.jar:/Users/liuyi/Documents/tools/mavenrepository/com/alibaba/dubbo/2.6.0/dubbo-2.6.0.jar:/Users/liuyi/Documents/tools/mavenrepository/org/javassist/javassist/3.21.0-GA/javassist-3.21.0-GA.jar:/Users/liuyi/Documents/tools/mavenrepository/org/jboss/netty/netty/3.2.5.Final/netty-3.2.5.Final.jar:/Users/liuyi/Documents/tools/mavenrepository/com/101tec/zkclient/0.10/zkclient-0.10.jar:/Users/liuyi/Documents/tools/mavenrepository/org/apache/zookeeper/zookeeper/3.4.8/zookeeper-3.4.8.jar:/Users/liuyi/Documents/tools/mavenrepository/log4j/log4j/1.2.16/log4j-1.2.16.jar:/Users/liuyi/Documents/tools/mavenrepository/jline/jline/0.9.94/jline-0.9.94.jar:/Users/liuyi/Documents/tools/mavenrepository/io/netty/netty/3.7.0.Final/netty-3.7.0.Final.jar:/Users/liuyi/Documents/tools/mavenrepository/com/gitee/reger/spring-boot-starter-dubbo/1.0.7/spring-boot-starter-dubbo-1.0.7.jar:/Users/liuyi/Documents/tools/mavenrepository/org/springframework/boot/spring-boot-starter-validation/1.5.21.RELEASE/spring-boot-starter-validation-1.5.21.RELEASE.jar:/Users/liuyi/Documents/tools/mavenrepository/org/apache/httpcomponents/httpclient/4.5.5/httpclient-4.5.5.jar:/Users/liuyi/Documents/tools/mavenrepository/org/apache/httpcomponents/httpcore/4.4.11/httpcore-4.4.11.jar:/Users/liuyi/Documents/tools/mavenrepository/commons-logging/commons-logging/1.2/commons-logging-1.2.jar:/Users/liuyi/Documents/tools/mavenrepository/org/apache/commons/commons-lang3/3.7/commons-lang3-3.7.jar:/Users/liuyi/Documents/tools/mavenrepository/commons-beanutils/commons-beanutils/1.9.3/commons-beanutils-1.9.3.jar:/Users/liuyi/Documents/tools/mavenrepository/commons-collections/commons-collections/3.2.2/commons-collections-3.2.2.jar:/Users/liuyi/Documents/tools/mavenrepository/commons-codec/commons-codec/1.10/commons-codec-1.10.jar:/Users/liuyi/Documents/tools/mavenrepository/com/alibaba/fastjson/1.2.46/fastjson-1.2.46.jar:/Users/liuyi/Documents/tools/mavenrepository/org/springframework/boot/spring-boot-starter-jdbc/1.5.21.RELEASE/spring-boot-starter-jdbc-1.5.21.RELEASE.jar:/Users/liuyi/Documents/tools/mavenrepository/org/apache/tomcat/tomcat-jdbc/8.5.40/tomcat-jdbc-8.5.40.jar:/Users/liuyi/Documents/tools/mavenrepository/org/apache/tomcat/tomcat-juli/8.5.40/tomcat-juli-8.5.40.jar:/Users/liuyi/Documents/tools/mavenrepository/org/springframework/spring-jdbc/4.3.24.RELEASE/spring-jdbc-4.3.24.RELEASE.jar:/Users/liuyi/Documents/tools/mavenrepository/org/springframework/spring-tx/4.3.24.RELEASE/spring-tx-4.3.24.RELEASE.jar:/Users/liuyi/Documents/tools/mavenrepository/org/mybatis/spring/boot/mybatis-spring-boot-starter/1.3.1/mybatis-spring-boot-starter-1.3.1.jar:/Users/liuyi/Documents/tools/mavenrepository/org/mybatis/spring/boot/mybatis-spring-boot-autoconfigure/1.3.1/mybatis-spring-boot-autoconfigure-1.3.1.jar:/Users/liuyi/Documents/tools/mavenrepository/org/mybatis/mybatis/3.4.5/mybatis-3.4.5.jar:/Users/liuyi/Documents/tools/mavenrepository/org/mybatis/mybatis-spring/1.3.1/mybatis-spring-1.3.1.jar:/Users/liuyi/Documents/tools/mavenrepository/mysql/mysql-connector-java/5.1.47/mysql-connector-java-5.1.47.jar:/Users/liuyi/Documents/tools/mavenrepository/redis/clients/jedis/2.9.0/jedis-2.9.0.jar:/Users/liuyi/Documents/tools/mavenrepository/org/apache/commons/commons-pool2/2.4.3/commons-pool2-2.4.3.jar:/Users/liuyi/IdeaProjects/gmall-shopping/gmall-parent/gmall-interface/target/gmall-interface-1.0-SNAPSHOT.jar:/Users/liuyi/IdeaProjects/gmall-shopping/gmall-parent/gmall-bean/target/gmall-bean-1.0-SNAPSHOT.jar:/Users/liuyi/Documents/tools/mavenrepository/tk/mybatis/mapper-spring-boot-starter/1.2.3/mapper-spring-boot-starter-1.2.3.jar:/Users/liuyi/Documents/tools/mavenrepository/tk/mybatis/mapper-spring-boot-autoconfigure/1.2.3/mapper-spring-boot-autoconfigure-1.2.3.jar:/Users/liuyi/Documents/tools/mavenrepository/tk/mybatis/mapper/3.5.2/mapper-3.5.2.jar:/Users/liuyi/Documents/tools/mavenrepository/javax/persistence/persistence-api/1.0/persistence-api-1.0.jar:/Users/liuyi/Documents/tools/mavenrepository/org/projectlombok/lombok/1.16.22/lombok-1.16.22.jar:/Users/liuyi/Documents/tools/mavenrepository/org/springframework/boot/spring-boot-starter-web/1.5.21.RELEASE/spring-boot-starter-web-1.5.21.RELEASE.jar:/Users/liuyi/Documents/tools/mavenrepository/org/springframework/boot/spring-boot-starter/1.5.21.RELEASE/spring-boot-starter-1.5.21.RELEASE.jar:/Users/liuyi/Documents/tools/mavenrepository/org/springframework/boot/spring-boot/1.5.21.RELEASE/spring-boot-1.5.21.RELEASE.jar:/Users/liuyi/Documents/tools/mavenrepository/org/springframework/boot/spring-boot-autoconfigure/1.5.21.RELEASE/spring-boot-autoconfigure-1.5.21.RELEASE.jar:/Users/liuyi/Documents/tools/mavenrepository/org/springframework/boot/spring-boot-starter-logging/1.5.21.RELEASE/spring-boot-starter-logging-1.5.21.RELEASE.jar:/Users/liuyi/Documents/tools/mavenrepository/ch/qos/logback/logback-classic/1.1.11/logback-classic-1.1.11.jar:/Users/liuyi/Documents/tools/mavenrepository/ch/qos/logback/logback-core/1.1.11/logback-core-1.1.11.jar:/Users/liuyi/Documents/tools/mavenrepository/org/slf4j/jcl-over-slf4j/1.7.26/jcl-over-slf4j-1.7.26.jar:/Users/liuyi/Documents/tools/mavenrepository/org/slf4j/jul-to-slf4j/1.7.26/jul-to-slf4j-1.7.26.jar:/Users/liuyi/Documents/tools/mavenrepository/org/yaml/snakeyaml/1.17/snakeyaml-1.17.jar:/Users/liuyi/Documents/tools/mavenrepository/org/springframework/boot/spring-boot-starter-tomcat/1.5.21.RELEASE/spring-boot-starter-tomcat-1.5.21.RELEASE.jar:/Users/liuyi/Documents/tools/mavenrepository/org/apache/tomcat/embed/tomcat-embed-core/8.5.40/tomcat-embed-core-8.5.40.jar:/Users/liuyi/Documents/tools/mavenrepository/org/apache/tomcat/tomcat-annotations-api/8.5.40/tomcat-annotations-api-8.5.40.jar:/Users/liuyi/Documents/tools/mavenrepository/org/apache/tomcat/embed/tomcat-embed-el/8.5.40/tomcat-embed-el-8.5.40.jar:/Users/liuyi/Documents/tools/mavenrepository/org/apache/tomcat/embed/tomcat-embed-websocket/8.5.40/tomcat-embed-websocket-8.5.40.jar:/Users/liuyi/Documents/tools/mavenrepository/org/hibernate/hibernate-validator/5.3.6.Final/hibernate-validator-5.3.6.Final.jar:/Users/liuyi/Documents/tools/mavenrepository/javax/validation/validation-api/1.1.0.Final/validation-api-1.1.0.Final.jar:/Users/liuyi/Documents/tools/mavenrepository/org/jboss/logging/jboss-logging/3.3.2.Final/jboss-logging-3.3.2.Final.jar:/Users/liuyi/Documents/tools/mavenrepository/com/fasterxml/classmate/1.3.4/classmate-1.3.4.jar:/Users/liuyi/Documents/tools/mavenrepository/com/fasterxml/jackson/core/jackson-databind/2.8.11.3/jackson-databind-2.8.11.3.jar:/Users/liuyi/Documents/tools/mavenrepository/com/fasterxml/jackson/core/jackson-annotations/2.8.0/jackson-annotations-2.8.0.jar:/Users/liuyi/Documents/tools/mavenrepository/com/fasterxml/jackson/core/jackson-core/2.8.11/jackson-core-2.8.11.jar:/Users/liuyi/Documents/tools/mavenrepository/org/springframework/spring-web/4.3.24.RELEASE/spring-web-4.3.24.RELEASE.jar:/Users/liuyi/Documents/tools/mavenrepository/org/springframework/spring-aop/4.3.24.RELEASE/spring-aop-4.3.24.RELEASE.jar:/Users/liuyi/Documents/tools/mavenrepository/org/springframework/spring-beans/4.3.24.RELEASE/spring-beans-4.3.24.RELEASE.jar:/Users/liuyi/Documents/tools/mavenrepository/org/springframework/spring-context/4.3.24.RELEASE/spring-context-4.3.24.RELEASE.jar:/Users/liuyi/Documents/tools/mavenrepository/org/springframework/spring-webmvc/4.3.24.RELEASE/spring-webmvc-4.3.24.RELEASE.jar:/Users/liuyi/Documents/tools/mavenrepository/org/springframework/spring-expression/4.3.24.RELEASE/spring-expression-4.3.24.RELEASE.jar:/Users/liuyi/Documents/tools/mavenrepository/org/springframework/boot/spring-boot-starter-test/1.5.21.RELEASE/spring-boot-starter-test-1.5.21.RELEASE.jar:/Users/liuyi/Documents/tools/mavenrepository/org/springframework/boot/spring-boot-test/1.5.21.RELEASE/spring-boot-test-1.5.21.RELEASE.jar:/Users/liuyi/Documents/tools/mavenrepository/org/springframework/boot/spring-boot-test-autoconfigure/1.5.21.RELEASE/spring-boot-test-autoconfigure-1.5.21.RELEASE.jar:/Users/liuyi/Documents/tools/mavenrepository/com/jayway/jsonpath/json-path/2.2.0/json-path-2.2.0.jar:/Users/liuyi/Documents/tools/mavenrepository/net/minidev/json-smart/2.2.1/json-smart-2.2.1.jar:/Users/liuyi/Documents/tools/mavenrepository/net/minidev/accessors-smart/1.1/accessors-smart-1.1.jar:/Users/liuyi/Documents/tools/mavenrepository/org/ow2/asm/asm/5.0.3/asm-5.0.3.jar:/Users/liuyi/Documents/tools/mavenrepository/junit/junit/4.12/junit-4.12.jar:/Users/liuyi/Documents/tools/mavenrepository/org/assertj/assertj-core/2.6.0/assertj-core-2.6.0.jar:/Users/liuyi/Documents/tools/mavenrepository/org/mockito/mockito-core/1.10.19/mockito-core-1.10.19.jar:/Users/liuyi/Documents/tools/mavenrepository/org/objenesis/objenesis/2.1/objenesis-2.1.jar:/Users/liuyi/Documents/tools/mavenrepository/org/hamcrest/hamcrest-core/1.3/hamcrest-core-1.3.jar:/Users/liuyi/Documents/tools/mavenrepository/org/hamcrest/hamcrest-library/1.3/hamcrest-library-1.3.jar:/Users/liuyi/Documents/tools/mavenrepository/org/skyscreamer/jsonassert/1.4.0/jsonassert-1.4.0.jar:/Users/liuyi/Documents/tools/mavenrepository/com/vaadin/external/google/android-json/0.0.20131108.vaadin1/android-json-0.0.20131108.vaadin1.jar:/Users/liuyi/Documents/tools/mavenrepository/org/springframework/spring-core/4.3.24.RELEASE/spring-core-4.3.24.RELEASE.jar:/Users/liuyi/Documents/tools/mavenrepository/org/springframework/spring-test/4.3.24.RELEASE/spring-test-4.3.24.RELEASE.jar:, user.name=liuyi, java.vm.specification.version=1.8, sun.java.command=/Users/liuyi/IdeaProjects/gmall-shopping/gmall-parent/gmall-user-manage/target/surefire/surefirebooter5173833017675434096.jar /Users/liuyi/IdeaProjects/gmall-shopping/gmall-parent/gmall-user-manage/target/surefire/surefire8400893607540948603tmp /Users/liuyi/IdeaProjects/gmall-shopping/gmall-parent/gmall-user-manage/target/surefire/surefire_17090016128749033268tmp, java.home=/Library/Java/JavaVirtualMachines/jdk1.8.0_231.jdk/Contents/Home/jre, sun.arch.data.model=64, user.language=zh, java.specification.vendor=Oracle Corporation, awt.toolkit=sun.lwawt.macosx.LWCToolkit, java.vm.info=mixed mode, java.version=1.8.0_231, java.ext.dirs=/Users/liuyi/Library/Java/Extensions:/Library/Java/JavaVirtualMachines/jdk1.8.0_231.jdk/Contents/Home/jre/lib/ext:/Library/Java/Extensions:/Network/Library/Java/Extensions:/System/Library/Java/Extensions:/usr/lib/java, sun.boot.class.path=/Library/Java/JavaVirtualMachines/jdk1.8.0_231.jdk/Contents/Home/jre/lib/resources.jar:/Library/Java/JavaVirtualMachines/jdk1.8.0_231.jdk/Contents/Home/jre/lib/rt.jar:/Library/Java/JavaVirtualMachines/jdk1.8.0_231.jdk/Contents/Home/jre/lib/sunrsasign.jar:/Library/Java/JavaVirtualMachines/jdk1.8.0_231.jdk/Contents/Home/jre/lib/jsse.jar:/Library/Java/JavaVirtualMachines/jdk1.8.0_231.jdk/Contents/Home/jre/lib/jce.jar:/Library/Java/JavaVirtualMachines/jdk1.8.0_231.jdk/Contents/Home/jre/lib/charsets.jar:/Library/Java/JavaVirtualMachines/jdk1.8.0_231.jdk/Contents/Home/jre/lib/jfr.jar:/Library/Java/JavaVirtualMachines/jdk1.8.0_231.jdk/Contents/Home/jre/classes, java.vendor=Oracle Corporation, localRepository=/Users/liuyi/Documents/tools/mavenrepository, file.separator=/, idea.version2019.3=true, java.vendor.url.bug=http://bugreport.sun.com/bugreport/, sun.io.unicode.encoding=UnicodeBig, sun.cpu.endian=little, sun.cpu.isalist=}}, SystemEnvironmentPropertySource@1113619023 {name='systemEnvironment', properties={PATH=/usr/local/bin:/usr/bin:/bin:/usr/sbin:/sbin:/Applications/VMware Fusion.app/Contents/Public:/usr/local/mysql/bin:/Users/liuyi/kaifa/maven/apache-maven-3.6.3/bin:/Users/liuyi/Documents/tools/apache-maven-3.6.3/bin:/Library/Developer/CommandLineTools/usr/bin, SHELL=/bin/zsh, JAVA_MAIN_CLASS_81850=org.apache.maven.surefire.booter.ForkedBooter, OLDPWD=/Users/liuyi/IdeaProjects/gmall-shopping/gmall-parent/gmall-user-manage, USER=liuyi, TMPDIR=/var/folders/cg/dknqc0_s32x017dq27ksz6nw0000gn/T/, SSH_AUTH_SOCK=/private/tmp/com.apple.launchd.0bLfhBMedC/Listeners, XPC_FLAGS=0x0, MAVEN_HOME=/Users/liuyi/kaifa/maven/apache-maven-3.6.3, JAVA_MAIN_CLASS_81845=org.codehaus.classworlds.Launcher, VERSIONER_PYTHON_VERSION=2.7, M2_HOME=/Users/liuyi/Documents/tools/apache-maven-3.6.3, __CF_USER_TEXT_ENCODING=0x1F5:0x19:0x34, LOGNAME=liuyi, LC_CTYPE=zh_CN.UTF-8, XPC_SERVICE_NAME=0, PWD=/Users/liuyi/IdeaProjects/gmall-shopping/gmall-parent/gmall-user-manage, HOME=/Users/liuyi, SHLVL=1, _=/Library/Java/JavaVirtualMachines/jdk1.8.0_231.jdk/Contents/Home/jre/bin/java}}]
10:18:16.416 [main] DEBUG org.springframework.core.io.support.PathMatchingResourcePatternResolver - Resolved classpath location [com/atguigu/gmall/gmallusermanage/] to resources [URL [file:/Users/liuyi/IdeaProjects/gmall-shopping/gmall-parent/gmall-user-manage/target/test-classes/com/atguigu/gmall/gmallusermanage/]]
10:18:16.416 [main] DEBUG org.springframework.core.io.support.PathMatchingResourcePatternResolver - Looking for matching resources in directory tree [/Users/liuyi/IdeaProjects/gmall-shopping/gmall-parent/gmall-user-manage/target/test-classes/com/atguigu/gmall/gmallusermanage]
10:18:16.417 [main] DEBUG org.springframework.core.io.support.PathMatchingResourcePatternResolver - Searching directory [/Users/liuyi/IdeaProjects/gmall-shopping/gmall-parent/gmall-user-manage/target/test-classes/com/atguigu/gmall/gmallusermanage] for files matching pattern [/Users/liuyi/IdeaProjects/gmall-shopping/gmall-parent/gmall-user-manage/target/test-classes/com/atguigu/gmall/gmallusermanage/*.class]
10:18:16.417 [main] DEBUG org.springframework.core.io.support.PathMatchingResourcePatternResolver - Resolved location pattern [classpath*:com/atguigu/gmall/gmallusermanage/*.class] to resources [file [/Users/liuyi/IdeaProjects/gmall-shopping/gmall-parent/gmall-user-manage/target/test-classes/com/atguigu/gmall/gmallusermanage/GmallUserManageApplicationTests.class]]
10:18:16.419 [main] DEBUG org.springframework.core.io.support.PathMatchingResourcePatternResolver - Resolved classpath location [com/atguigu/gmall/] to resources [URL [file:/Users/liuyi/IdeaProjects/gmall-shopping/gmall-parent/gmall-user-manage/target/test-classes/com/atguigu/gmall/], URL [file:/Users/liuyi/IdeaProjects/gmall-shopping/gmall-parent/gmall-user-manage/target/classes/com/atguigu/gmall/], URL [jar:file:/Users/liuyi/IdeaProjects/gmall-shopping/gmall-parent/gmall-interface/target/gmall-interface-1.0-SNAPSHOT.jar!/com/atguigu/gmall/], URL [jar:file:/Users/liuyi/IdeaProjects/gmall-shopping/gmall-parent/gmall-bean/target/gmall-bean-1.0-SNAPSHOT.jar!/com/atguigu/gmall/]]
10:18:16.419 [main] DEBUG org.springframework.core.io.support.PathMatchingResourcePatternResolver - Looking for matching resources in directory tree [/Users/liuyi/IdeaProjects/gmall-shopping/gmall-parent/gmall-user-manage/target/test-classes/com/atguigu/gmall]
10:18:16.419 [main] DEBUG org.springframework.core.io.support.PathMatchingResourcePatternResolver - Searching directory [/Users/liuyi/IdeaProjects/gmall-shopping/gmall-parent/gmall-user-manage/target/test-classes/com/atguigu/gmall] for files matching pattern [/Users/liuyi/IdeaProjects/gmall-shopping/gmall-parent/gmall-user-manage/target/test-classes/com/atguigu/gmall/*.class]
10:18:16.419 [main] DEBUG org.springframework.core.io.support.PathMatchingResourcePatternResolver - Looking for matching resources in directory tree [/Users/liuyi/IdeaProjects/gmall-shopping/gmall-parent/gmall-user-manage/target/classes/com/atguigu/gmall]
10:18:16.419 [main] DEBUG org.springframework.core.io.support.PathMatchingResourcePatternResolver - Searching directory [/Users/liuyi/IdeaProjects/gmall-shopping/gmall-parent/gmall-user-manage/target/classes/com/atguigu/gmall] for files matching pattern [/Users/liuyi/IdeaProjects/gmall-shopping/gmall-parent/gmall-user-manage/target/classes/com/atguigu/gmall/*.class]
10:18:16.420 [main] DEBUG org.springframework.core.io.support.PathMatchingResourcePatternResolver - Looking for matching resources in jar file [file:/Users/liuyi/IdeaProjects/gmall-shopping/gmall-parent/gmall-interface/target/gmall-interface-1.0-SNAPSHOT.jar]
10:18:16.420 [main] DEBUG org.springframework.core.io.support.PathMatchingResourcePatternResolver - Looking for matching resources in jar file [file:/Users/liuyi/IdeaProjects/gmall-shopping/gmall-parent/gmall-bean/target/gmall-bean-1.0-SNAPSHOT.jar]
10:18:16.420 [main] DEBUG org.springframework.core.io.support.PathMatchingResourcePatternResolver - Resolved location pattern [classpath*:com/atguigu/gmall/*.class] to resources []
10:18:16.421 [main] DEBUG org.springframework.core.io.support.PathMatchingResourcePatternResolver - Resolved classpath location [com/atguigu/] to resources [URL [file:/Users/liuyi/IdeaProjects/gmall-shopping/gmall-parent/gmall-user-manage/target/test-classes/com/atguigu/], URL [file:/Users/liuyi/IdeaProjects/gmall-shopping/gmall-parent/gmall-user-manage/target/classes/com/atguigu/], URL [jar:file:/Users/liuyi/IdeaProjects/gmall-shopping/gmall-parent/gmall-interface/target/gmall-interface-1.0-SNAPSHOT.jar!/com/atguigu/], URL [jar:file:/Users/liuyi/IdeaProjects/gmall-shopping/gmall-parent/gmall-bean/target/gmall-bean-1.0-SNAPSHOT.jar!/com/atguigu/]]
10:18:16.421 [main] DEBUG org.springframework.core.io.support.PathMatchingResourcePatternResolver - Looking for matching resources in directory tree [/Users/liuyi/IdeaProjects/gmall-shopping/gmall-parent/gmall-user-manage/target/test-classes/com/atguigu]
10:18:16.421 [main] DEBUG org.springframework.core.io.support.PathMatchingResourcePatternResolver - Searching directory [/Users/liuyi/IdeaProjects/gmall-shopping/gmall-parent/gmall-user-manage/target/test-classes/com/atguigu] for files matching pattern [/Users/liuyi/IdeaProjects/gmall-shopping/gmall-parent/gmall-user-manage/target/test-classes/com/atguigu/*.class]
10:18:16.421 [main] DEBUG org.springframework.core.io.support.PathMatchingResourcePatternResolver - Looking for matching resources in directory tree [/Users/liuyi/IdeaProjects/gmall-shopping/gmall-parent/gmall-user-manage/target/classes/com/atguigu]
10:18:16.421 [main] DEBUG org.springframework.core.io.support.PathMatchingResourcePatternResolver - Searching directory [/Users/liuyi/IdeaProjects/gmall-shopping/gmall-parent/gmall-user-manage/target/classes/com/atguigu] for files matching pattern [/Users/liuyi/IdeaProjects/gmall-shopping/gmall-parent/gmall-user-manage/target/classes/com/atguigu/*.class]
10:18:16.422 [main] DEBUG org.springframework.core.io.support.PathMatchingResourcePatternResolver - Looking for matching resources in jar file [file:/Users/liuyi/IdeaProjects/gmall-shopping/gmall-parent/gmall-interface/target/gmall-interface-1.0-SNAPSHOT.jar]
10:18:16.422 [main] DEBUG org.springframework.core.io.support.PathMatchingResourcePatternResolver - Looking for matching resources in jar file [file:/Users/liuyi/IdeaProjects/gmall-shopping/gmall-parent/gmall-bean/target/gmall-bean-1.0-SNAPSHOT.jar]
10:18:16.422 [main] DEBUG org.springframework.core.io.support.PathMatchingResourcePatternResolver - Resolved location pattern [classpath*:com/atguigu/*.class] to resources []
10:18:16.423 [main] DEBUG org.springframework.core.io.support.PathMatchingResourcePatternResolver - Resolved classpath location [com/] to resources [URL [jar:file:/System/Library/Java/Extensions/MRJToolkit.jar!/com/], URL [file:/Users/liuyi/IdeaProjects/gmall-shopping/gmall-parent/gmall-user-manage/target/test-classes/com/], URL [file:/Users/liuyi/IdeaProjects/gmall-shopping/gmall-parent/gmall-user-manage/target/classes/com/], URL [jar:file:/Users/liuyi/Documents/tools/mavenrepository/com/alibaba/dubbo/2.6.0/dubbo-2.6.0.jar!/com/], URL [jar:file:/Users/liuyi/Documents/tools/mavenrepository/com/gitee/reger/spring-boot-starter-dubbo/1.0.7/spring-boot-starter-dubbo-1.0.7.jar!/com/], URL [jar:file:/Users/liuyi/Documents/tools/mavenrepository/com/alibaba/fastjson/1.2.46/fastjson-1.2.46.jar!/com/], URL [jar:file:/Users/liuyi/Documents/tools/mavenrepository/mysql/mysql-connector-java/5.1.47/mysql-connector-java-5.1.47.jar!/com/], URL [jar:file:/Users/liuyi/IdeaProjects/gmall-shopping/gmall-parent/gmall-interface/target/gmall-interface-1.0-SNAPSHOT.jar!/com/], URL [jar:file:/Users/liuyi/IdeaProjects/gmall-shopping/gmall-parent/gmall-bean/target/gmall-bean-1.0-SNAPSHOT.jar!/com/], URL [jar:file:/Users/liuyi/Documents/tools/mavenrepository/org/projectlombok/lombok/1.16.22/lombok-1.16.22.jar!/com/], URL [jar:file:/Users/liuyi/Documents/tools/mavenrepository/com/fasterxml/classmate/1.3.4/classmate-1.3.4.jar!/com/], URL [jar:file:/Users/liuyi/Documents/tools/mavenrepository/com/fasterxml/jackson/core/jackson-databind/2.8.11.3/jackson-databind-2.8.11.3.jar!/com/], URL [jar:file:/Users/liuyi/Documents/tools/mavenrepository/com/fasterxml/jackson/core/jackson-annotations/2.8.0/jackson-annotations-2.8.0.jar!/com/], URL [jar:file:/Users/liuyi/Documents/tools/mavenrepository/com/fasterxml/jackson/core/jackson-core/2.8.11/jackson-core-2.8.11.jar!/com/], URL [jar:file:/Users/liuyi/Documents/tools/mavenrepository/com/jayway/jsonpath/json-path/2.2.0/json-path-2.2.0.jar!/com/]]
10:18:16.423 [main] DEBUG org.springframework.core.io.support.PathMatchingResourcePatternResolver - Looking for matching resources in jar file [file:/System/Library/Java/Extensions/MRJToolkit.jar]
10:18:16.424 [main] DEBUG org.springframework.core.io.support.PathMatchingResourcePatternResolver - Looking for matching resources in directory tree [/Users/liuyi/IdeaProjects/gmall-shopping/gmall-parent/gmall-user-manage/target/test-classes/com]
10:18:16.424 [main] DEBUG org.springframework.core.io.support.PathMatchingResourcePatternResolver - Searching directory [/Users/liuyi/IdeaProjects/gmall-shopping/gmall-parent/gmall-user-manage/target/test-classes/com] for files matching pattern [/Users/liuyi/IdeaProjects/gmall-shopping/gmall-parent/gmall-user-manage/target/test-classes/com/*.class]
10:18:16.424 [main] DEBUG org.springframework.core.io.support.PathMatchingResourcePatternResolver - Looking for matching resources in directory tree [/Users/liuyi/IdeaProjects/gmall-shopping/gmall-parent/gmall-user-manage/target/classes/com]
10:18:16.424 [main] DEBUG org.springframework.core.io.support.PathMatchingResourcePatternResolver - Searching directory [/Users/liuyi/IdeaProjects/gmall-shopping/gmall-parent/gmall-user-manage/target/classes/com] for files matching pattern [/Users/liuyi/IdeaProjects/gmall-shopping/gmall-parent/gmall-user-manage/target/classes/com/*.class]
10:18:16.424 [main] DEBUG org.springframework.core.io.support.PathMatchingResourcePatternResolver - Looking for matching resources in jar file [file:/Users/liuyi/Documents/tools/mavenrepository/com/alibaba/dubbo/2.6.0/dubbo-2.6.0.jar]
10:18:16.431 [main] DEBUG org.springframework.core.io.support.PathMatchingResourcePatternResolver - Looking for matching resources in jar file [file:/Users/liuyi/Documents/tools/mavenrepository/com/gitee/reger/spring-boot-starter-dubbo/1.0.7/spring-boot-starter-dubbo-1.0.7.jar]
10:18:16.431 [main] DEBUG org.springframework.core.io.support.PathMatchingResourcePatternResolver - Looking for matching resources in jar file [file:/Users/liuyi/Documents/tools/mavenrepository/com/alibaba/fastjson/1.2.46/fastjson-1.2.46.jar]
10:18:16.432 [main] DEBUG org.springframework.core.io.support.PathMatchingResourcePatternResolver - Looking for matching resources in jar file [file:/Users/liuyi/Documents/tools/mavenrepository/mysql/mysql-connector-java/5.1.47/mysql-connector-java-5.1.47.jar]
10:18:16.434 [main] DEBUG org.springframework.core.io.support.PathMatchingResourcePatternResolver - Looking for matching resources in jar file [file:/Users/liuyi/IdeaProjects/gmall-shopping/gmall-parent/gmall-interface/target/gmall-interface-1.0-SNAPSHOT.jar]
10:18:16.434 [main] DEBUG org.springframework.core.io.support.PathMatchingResourcePatternResolver - Looking for matching resources in jar file [file:/Users/liuyi/IdeaProjects/gmall-shopping/gmall-parent/gmall-bean/target/gmall-bean-1.0-SNAPSHOT.jar]
10:18:16.434 [main] DEBUG org.springframework.core.io.support.PathMatchingResourcePatternResolver - Looking for matching resources in jar file [file:/Users/liuyi/Documents/tools/mavenrepository/org/projectlombok/lombok/1.16.22/lombok-1.16.22.jar]
10:18:16.435 [main] DEBUG org.springframework.core.io.support.PathMatchingResourcePatternResolver - Looking for matching resources in jar file [file:/Users/liuyi/Documents/tools/mavenrepository/com/fasterxml/classmate/1.3.4/classmate-1.3.4.jar]
10:18:16.436 [main] DEBUG org.springframework.core.io.support.PathMatchingResourcePatternResolver - Looking for matching resources in jar file [file:/Users/liuyi/Documents/tools/mavenrepository/com/fasterxml/jackson/core/jackson-databind/2.8.11.3/jackson-databind-2.8.11.3.jar]
10:18:16.438 [main] DEBUG org.springframework.core.io.support.PathMatchingResourcePatternResolver - Looking for matching resources in jar file [file:/Users/liuyi/Documents/tools/mavenrepository/com/fasterxml/jackson/core/jackson-annotations/2.8.0/jackson-annotations-2.8.0.jar]
10:18:16.438 [main] DEBUG org.springframework.core.io.support.PathMatchingResourcePatternResolver - Looking for matching resources in jar file [file:/Users/liuyi/Documents/tools/mavenrepository/com/fasterxml/jackson/core/jackson-core/2.8.11/jackson-core-2.8.11.jar]
10:18:16.439 [main] DEBUG org.springframework.core.io.support.PathMatchingResourcePatternResolver - Looking for matching resources in jar file [file:/Users/liuyi/Documents/tools/mavenrepository/com/jayway/jsonpath/json-path/2.2.0/json-path-2.2.0.jar]
10:18:16.439 [main] DEBUG org.springframework.core.io.support.PathMatchingResourcePatternResolver - Resolved location pattern [classpath*:com/*.class] to resources []
]]></system-out>
  </testcase>
</testsuite>